#
# There is insufficient memory for the Java Runtime Environment to continue.
# Native memory allocation (malloc) failed to allocate 1272976 bytes. Error detail: Chunk::new
# Possible reasons:
#   The system is out of physical RAM or swap space
#   This process is running with CompressedOops enabled, and the Java Heap may be blocking the growth of the native heap
# Possible solutions:
#   Reduce memory load on the system
#   Increase physical memory or swap space
#   Check if swap backing store is full
#   Decrease Java heap size (-Xmx/-Xms)
#   Decrease number of Java threads
#   Decrease Java thread stack sizes (-Xss)
#   Set larger code cache with -XX:ReservedCodeCacheSize=
#   JVM is running with Unscaled Compressed Oops mode in which the Java heap is
#     placed in the first 4GB address space. The Java Heap base address is the
#     maximum limit for the native heap growth. Please use -XX:HeapBaseMinAddress
#     to set the Java Heap base and to place the Java Heap above 4GB virtual address.
# This output file may be truncated or incomplete.
#
#  Out of Memory Error (arena.cpp:168), pid=2684, tid=3932
#
# JRE version: OpenJDK Runtime Environment Temurin-21.0.10+7 (21.0.10+7) (build 21.0.10+7-LTS)
# Java VM: OpenJDK 64-Bit Server VM Temurin-21.0.10+7 (21.0.10+7-LTS, mixed mode, sharing, tiered, compressed oops, compressed class ptrs, parallel gc, windows-amd64)
# No core dump will be written. Minidumps are not enabled by default on client versions of Windows
#

---------------  S U M M A R Y ------------

Command Line: --add-modules=ALL-SYSTEM --add-opens=java.base/java.util=ALL-UNNAMED --add-opens=java.base/java.lang=ALL-UNNAMED --add-opens=java.base/sun.nio.fs=ALL-UNNAMED -Declipse.application=org.eclipse.jdt.ls.core.id1 -Dosgi.bundles.defaultStartLevel=4 -Declipse.product=org.eclipse.jdt.ls.core.product -Djava.import.generatesMetadataFilesAtProjectRoot=false -DDetectVMInstallationsJob.disabled=true -Dfile.encoding=utf8 -XX:+UseParallelGC -XX:GCTimeRatio=4 -XX:AdaptiveSizePolicyWeight=90 -Dsun.zip.disableMemoryMapping=true -Xmx2G -Xms100m -Xlog:disable -javaagent:c:\Users\ririn\.vscode\extensions\redhat.java-1.53.0-win32-x64\lombok\lombok-1.18.39-4050.jar -XX:+HeapDumpOnOutOfMemoryError -XX:HeapDumpPath=c:\Users\ririn\AppData\Roaming\Code\User\workspaceStorage\cbeca732ebdb99d6e2dc95832f15d590\redhat.java -Daether.dependencyCollector.impl=bf c:\Users\ririn\.vscode\extensions\redhat.java-1.53.0-win32-x64\server\plugins\org.eclipse.equinox.launcher_1.7.100.v20251111-0406.jar -configuration c:\Users\ririn\AppData\Roaming\Code\User\globalStorage\redhat.java\1.53.0\config_win -data c:\Users\ririn\AppData\Roaming\Code\User\workspaceStorage\cbeca732ebdb99d6e2dc95832f15d590\redhat.java\jdt_ws --pipe=\\.\pipe\lsp-0562deb54e38bc20434cf6c852035cca-sock

Host: AMD Ryzen 3 3250U with Radeon Graphics         , 4 cores, 3G,  Windows 11 , 64 bit Build 22621 (10.0.22621.5415)
Time: Tue Apr  7 20:52:39 2026 SE Asia Standard Time elapsed time: 38.833884 seconds (0d 0h 0m 38s)

---------------  T H R E A D  ---------------

Current thread (0x000001ec15051110):  JavaThread "C2 CompilerThread0" daemon [_thread_in_native, id=3932, stack(0x0000001bdf000000,0x0000001bdf100000) (1024K)]


Current CompileTask:
C2:38833 4890       4       java.lang.invoke.MemberName::getMethodOrFieldType (72 bytes)

Stack: [0x0000001bdf000000,0x0000001bdf100000]
Native frames: (J=compiled Java code, j=interpreted, Vv=VM code, C=native code)
V  [jvm.dll+0x6d7a39]
V  [jvm.dll+0x8b4b26]
V  [jvm.dll+0x8b70de]
V  [jvm.dll+0x8b77c3]
V  [jvm.dll+0x284346]
V  [jvm.dll+0xc66ed]
V  [jvm.dll+0xc6c31]
V  [jvm.dll+0x3bec01]
V  [jvm.dll+0x38b162]
V  [jvm.dll+0x38a5aa]
V  [jvm.dll+0x24c560]
V  [jvm.dll+0x24bb40]
V  [jvm.dll+0x1cb34e]
V  [jvm.dll+0x25b85d]
V  [jvm.dll+0x259dea]
V  [jvm.dll+0x3f857e]
V  [jvm.dll+0x85f59d]
V  [jvm.dll+0x6d626d]
C  [ucrtbase.dll+0x29333]
C  [KERNEL32.DLL+0x1259d]
C  [ntdll.dll+0x5af78]


---------------  P R O C E S S  ---------------

Threads class SMR info:
_java_thread_list=0x000001ec74216190, length=23, elements={
0x000001ec1515d970, 0x000001ec15046c40, 0x000001ec15048450, 0x000001ec1504a710,
0x000001ec1504b630, 0x000001ec1504c550, 0x000001ec1504e1c0, 0x000001ec15051110,
0x000001ec150c2800, 0x000001ec6d8723a0, 0x000001ec6da32df0, 0x000001ec7247a040,
0x000001ec72043bb0, 0x000001ec7232e580, 0x000001ec6db58640, 0x000001ec7239cfc0,
0x000001ec729d5ab0, 0x000001ec72bf6560, 0x000001ec72c71320, 0x000001ec72c72d60,
0x000001ec72c719b0, 0x000001ec72c70c90, 0x000001ec72c72040
}

Java Threads: ( => current thread )
  0x000001ec1515d970 JavaThread "main"                              [_thread_blocked, id=11404, stack(0x0000001bde500000,0x0000001bde600000) (1024K)]
  0x000001ec15046c40 JavaThread "Reference Handler"          daemon [_thread_blocked, id=7968, stack(0x0000001bdea00000,0x0000001bdeb00000) (1024K)]
  0x000001ec15048450 JavaThread "Finalizer"                  daemon [_thread_blocked, id=7304, stack(0x0000001bdeb00000,0x0000001bdec00000) (1024K)]
  0x000001ec1504a710 JavaThread "Signal Dispatcher"          daemon [_thread_blocked, id=17972, stack(0x0000001bdec00000,0x0000001bded00000) (1024K)]
  0x000001ec1504b630 JavaThread "Attach Listener"            daemon [_thread_blocked, id=3212, stack(0x0000001bded00000,0x0000001bdee00000) (1024K)]
  0x000001ec1504c550 JavaThread "Service Thread"             daemon [_thread_blocked, id=14664, stack(0x0000001bdee00000,0x0000001bdef00000) (1024K)]
  0x000001ec1504e1c0 JavaThread "Monitor Deflation Thread"   daemon [_thread_blocked, id=4984, stack(0x0000001bdef00000,0x0000001bdf000000) (1024K)]
=>0x000001ec15051110 JavaThread "C2 CompilerThread0"         daemon [_thread_in_native, id=3932, stack(0x0000001bdf000000,0x0000001bdf100000) (1024K)]
  0x000001ec150c2800 JavaThread "C1 CompilerThread0"         daemon [_thread_blocked, id=17784, stack(0x0000001bdf100000,0x0000001bdf200000) (1024K)]
  0x000001ec6d8723a0 JavaThread "Common-Cleaner"             daemon [_thread_blocked, id=14160, stack(0x0000001bdf200000,0x0000001bdf300000) (1024K)]
  0x000001ec6da32df0 JavaThread "Notification Thread"        daemon [_thread_blocked, id=18364, stack(0x0000001bdf300000,0x0000001bdf400000) (1024K)]
  0x000001ec7247a040 JavaThread "Active Thread: Equinox Container: d23e38e7-911d-4c6b-99da-d0872ca615bc"        [_thread_in_Java, id=17908, stack(0x0000001bdf700000,0x0000001bdf800000) (1024K)]
  0x000001ec72043bb0 JavaThread "Refresh Thread: Equinox Container: d23e38e7-911d-4c6b-99da-d0872ca615bc" daemon [_thread_blocked, id=2920, stack(0x0000001bdf800000,0x0000001bdf900000) (1024K)]
  0x000001ec7232e580 JavaThread "Framework Event Dispatcher: Equinox Container: d23e38e7-911d-4c6b-99da-d0872ca615bc" daemon [_thread_blocked, id=15240, stack(0x0000001bdf900000,0x0000001bdfa00000) (1024K)]
  0x000001ec6db58640 JavaThread "Start Level: Equinox Container: d23e38e7-911d-4c6b-99da-d0872ca615bc" daemon [_thread_in_vm, id=10260, stack(0x0000001bdfa00000,0x0000001bdfb00000) (1024K)]
  0x000001ec7239cfc0 JavaThread "Bundle File Closer"         daemon [_thread_blocked, id=1312, stack(0x0000001bdfb00000,0x0000001bdfc00000) (1024K)]
  0x000001ec729d5ab0 JavaThread "SCR Component Actor"        daemon [_thread_blocked, id=12884, stack(0x0000001bdfc00000,0x0000001bdfd00000) (1024K)]
  0x000001ec72bf6560 JavaThread "Worker-JM"                         [_thread_blocked, id=17948, stack(0x0000001bdfd00000,0x0000001bdfe00000) (1024K)]
  0x000001ec72c71320 JavaThread "JNA Cleaner"                daemon [_thread_blocked, id=17608, stack(0x0000001bdfe00000,0x0000001bdff00000) (1024K)]
  0x000001ec72c72d60 JavaThread "Worker-0"                          [_thread_blocked, id=18268, stack(0x0000001bdff00000,0x0000001be0000000) (1024K)]
  0x000001ec72c719b0 JavaThread "Worker-1: Repository registry initialization"        [_thread_in_Java, id=14524, stack(0x0000001be0000000,0x0000001be0100000) (1024K)]
  0x000001ec72c70c90 JavaThread "Worker-2"                          [_thread_blocked, id=15336, stack(0x0000001be0100000,0x0000001be0200000) (1024K)]
  0x000001ec72c72040 JavaThread "Java indexing"              daemon [_thread_blocked, id=16076, stack(0x0000001be0200000,0x0000001be0300000) (1024K)]
Total: 23

Other Threads:
  0x000001ec1521e590 VMThread "VM Thread"                           [id=14192, stack(0x0000001bde900000,0x0000001bdea00000) (1024K)]
  0x000001ec14feca00 WatcherThread "VM Periodic Task Thread"        [id=10556, stack(0x0000001bde800000,0x0000001bde900000) (1024K)]
  0x000001ec1517b9f0 WorkerThread "GC Thread#0"                     [id=7744, stack(0x0000001bde700000,0x0000001bde800000) (1024K)]
  0x000001ec6da64760 WorkerThread "GC Thread#1"                     [id=17944, stack(0x0000001bdf400000,0x0000001bdf500000) (1024K)]
  0x000001ec7236d010 WorkerThread "GC Thread#2"                     [id=17716, stack(0x0000001bdf500000,0x0000001bdf600000) (1024K)]
  0x000001ec72508dd0 WorkerThread "GC Thread#3"                     [id=13132, stack(0x0000001bdf600000,0x0000001bdf700000) (1024K)]
Total: 6

Threads with active compile tasks:
C2 CompilerThread0  39065 4890       4       java.lang.invoke.MemberName::getMethodOrFieldType (72 bytes)
Total: 1

VM state: not at safepoint (normal execution)

VM Mutex/Monitor currently owned by a thread:  ([mutex/lock_event])
[0x00007fff04ffc4e0] Metaspace_lock - owner thread: 0x000001ec6db58640

Heap address: 0x0000000080000000, size: 2048 MB, Compressed Oops mode: 32-bit

CDS archive(s) mapped at: [0x000001ec2c000000-0x000001ec2cba0000-0x000001ec2cba0000), size 12189696, SharedBaseAddress: 0x000001ec2c000000, ArchiveRelocationMode: 1.
Compressed class space mapped at: 0x000001ec2d000000-0x000001ec6d000000, reserved size: 1073741824
Narrow klass base: 0x000001ec2c000000, Narrow klass shift: 0, Narrow klass range: 0x100000000

GC Precious Log:
 CardTable entry size: 512
 CPUs: 4 total, 4 available
 Memory: 3521M
 Large Page Support: Disabled
 NUMA Support: Disabled
 Compressed Oops: Enabled (32-bit)
 Alignments: Space 512K, Generation 512K, Heap 2M
 Heap Min Capacity: 100M
 Heap Initial Capacity: 100M
 Heap Max Capacity: 2G
 Pre-touch: Disabled
 Parallel Workers: 4

Heap:
 PSYoungGen      total 23552K, used 21231K [0x00000000d5580000, 0x00000000d7180000, 0x0000000100000000)
  eden space 22528K, 91% used [0x00000000d5580000,0x00000000d698d928,0x00000000d6b80000)
  from space 1024K, 68% used [0x00000000d6c00000,0x00000000d6cae588,0x00000000d6d00000)
  to   space 2048K, 0% used [0x00000000d6f80000,0x00000000d6f80000,0x00000000d7180000)
 ParOldGen       total 68608K, used 16654K [0x0000000080000000, 0x0000000084300000, 0x00000000d5580000)
  object space 68608K, 24% used [0x0000000080000000,0x00000000810439e8,0x0000000084300000)
 Metaspace       used 32075K, committed 32960K, reserved 1114112K
  class space    used 3289K, committed 3712K, reserved 1048576K

Card table byte_map: [0x000001ec14b00000,0x000001ec14f10000] _byte_map_base: 0x000001ec14700000

Marking Bits: (ParMarkBitMap*) 0x00007fff05003450
 Begin Bits: [0x000001ec27610000, 0x000001ec29610000)
 End Bits:   [0x000001ec29610000, 0x000001ec2b610000)

Polling page: 0x000001ec12f70000

Metaspace:

Usage:
  Non-class:     28.11 MB used.
      Class:      3.21 MB used.
       Both:     31.32 MB used.

Virtual space:
  Non-class space:       64.00 MB reserved,      28.56 MB ( 45%) committed,  1 nodes.
      Class space:        1.00 GB reserved,       3.62 MB ( <1%) committed,  1 nodes.
             Both:        1.06 GB reserved,      32.19 MB (  3%) committed. 

Chunk freelists:
   Non-Class:  3.23 MB
       Class:  12.25 MB
        Both:  15.49 MB

MaxMetaspaceSize: unlimited
CompressedClassSpaceSize: 1.00 GB
Initial GC threshold: 21.00 MB
Current GC threshold: 35.00 MB
CDS: on
 - commit_granule_bytes: 65536.
 - commit_granule_words: 8192.
 - virtual_space_node_default_size: 8388608.
 - enlarge_chunks_in_place: 1.
 - use_allocation_guard: 0.


Internal statistics:

num_allocs_failed_limit: 3.
num_arena_births: 852.
num_arena_deaths: 14.
num_vsnodes_births: 2.
num_vsnodes_deaths: 0.
num_space_committed: 515.
num_space_uncommitted: 0.
num_chunks_returned_to_freelist: 17.
num_chunks_taken_from_freelist: 2227.
num_chunk_merges: 7.
num_chunk_splits: 1396.
num_chunks_enlarged: 807.
num_inconsistent_stats: 0.

CodeHeap 'non-profiled nmethods': size=120000Kb used=2468Kb max_used=2468Kb free=117531Kb
 bounds [0x000001ec1fe30000, 0x000001ec200a0000, 0x000001ec27360000]
CodeHeap 'profiled nmethods': size=120000Kb used=10667Kb max_used=10667Kb free=109332Kb
 bounds [0x000001ec18360000, 0x000001ec18dd0000, 0x000001ec1f890000]
CodeHeap 'non-nmethods': size=5760Kb used=1338Kb max_used=1381Kb free=4421Kb
 bounds [0x000001ec1f890000, 0x000001ec1fb00000, 0x000001ec1fe30000]
CodeCache: size=245760Kb, used=14473Kb, max_used=14516Kb, free=231284Kb
 total_blobs=5603, nmethods=4973, adapters=536, full_count=0
Compilation: enabled, stopped_count=0, restarted_count=0

Compilation events (20 events):
Event: 38.617 Thread 0x000001ec150c2800 4908       3       java.lang.AbstractStringBuilder::append (45 bytes)
Event: 38.618 Thread 0x000001ec150c2800 nmethod 4908 0x000001ec18d97010 code [0x000001ec18d97220, 0x000001ec18d97748]
Event: 38.619 Thread 0x000001ec150c2800 4909       2       java.util.HashSet::contains (9 bytes)
Event: 38.620 Thread 0x000001ec150c2800 nmethod 4909 0x000001ec18d97990 code [0x000001ec18d97b40, 0x000001ec18d97c78]
Event: 38.620 Thread 0x000001ec150c2800 4910       2       org.eclipse.osgi.internal.debug.Debug::loaderWithClass (40 bytes)
Event: 38.620 Thread 0x000001ec150c2800 nmethod 4910 0x000001ec18d97d10 code [0x000001ec18d97f00, 0x000001ec18d98198]
Event: 38.624 Thread 0x000001ec150c2800 4911       3       org.eclipse.osgi.internal.loader.BundleLoader::getResourcePackageName (57 bytes)
Event: 38.627 Thread 0x000001ec150c2800 nmethod 4911 0x000001ec18d98310 code [0x000001ec18d985a0, 0x000001ec18d990c0]
Event: 38.645 Thread 0x000001ec150c2800 4912       1       java.lang.reflect.Constructor::getConstructorAccessor (5 bytes)
Event: 38.645 Thread 0x000001ec150c2800 nmethod 4912 0x000001ec20097190 code [0x000001ec20097320, 0x000001ec200973e8]
Event: 38.645 Thread 0x000001ec150c2800 4913       1       java.lang.reflect.Constructor::getRoot (5 bytes)
Event: 38.645 Thread 0x000001ec150c2800 nmethod 4913 0x000001ec20097490 code [0x000001ec20097620, 0x000001ec200976e8]
Event: 38.647 Thread 0x000001ec150c2800 4914       3       java.lang.String::<init> (98 bytes)
Event: 38.649 Thread 0x000001ec150c2800 nmethod 4914 0x000001ec18d99510 code [0x000001ec18d99900, 0x000001ec18d9b350]
Event: 38.693 Thread 0x000001ec150c2800 4915       3       java.lang.Class::annotationData (44 bytes)
Event: 38.693 Thread 0x000001ec150c2800 nmethod 4915 0x000001ec18d9bc10 code [0x000001ec18d9bde0, 0x000001ec18d9c0b8]
Event: 38.703 Thread 0x000001ec150c2800 4916       3       jdk.internal.reflect.ConstantPool::getUTF8At (10 bytes)
Event: 38.703 Thread 0x000001ec150c2800 nmethod 4916 0x000001ec18d9c210 code [0x000001ec18d9c3c0, 0x000001ec18d9c508]
Event: 38.706 Thread 0x000001ec150c2800 4917       3       com.google.common.collect.ImmutableMapEntry::getKey (5 bytes)
Event: 38.707 Thread 0x000001ec150c2800 nmethod 4917 0x000001ec18d9c590 code [0x000001ec18d9c720, 0x000001ec18d9c840]

GC Heap History (20 events):
Event: 10.836 GC heap before
{Heap before GC invocations=3 (full 0):
 PSYoungGen      total 29696K, used 29477K [0x00000000d5580000, 0x00000000d7680000, 0x0000000100000000)
  eden space 25600K, 99% used [0x00000000d5580000,0x00000000d6e4a080,0x00000000d6e80000)
  from space 4096K, 99% used [0x00000000d7280000,0x00000000d767f570,0x00000000d7680000)
  to   space 4096K, 0% used [0x00000000d6e80000,0x00000000d6e80000,0x00000000d7280000)
 ParOldGen       total 68608K, used 2080K [0x0000000080000000, 0x0000000084300000, 0x00000000d5580000)
  object space 68608K, 3% used [0x0000000080000000,0x00000000802080f8,0x0000000084300000)
 Metaspace       used 9468K, committed 9856K, reserved 1114112K
  class space    used 1007K, committed 1152K, reserved 1048576K
}
Event: 10.858 GC heap after
{Heap after GC invocations=3 (full 0):
 PSYoungGen      total 29696K, used 4084K [0x00000000d5580000, 0x00000000d7680000, 0x0000000100000000)
  eden space 25600K, 0% used [0x00000000d5580000,0x00000000d5580000,0x00000000d6e80000)
  from space 4096K, 99% used [0x00000000d6e80000,0x00000000d727d290,0x00000000d7280000)
  to   space 4096K, 0% used [0x00000000d7280000,0x00000000d7280000,0x00000000d7680000)
 ParOldGen       total 68608K, used 5208K [0x0000000080000000, 0x0000000084300000, 0x00000000d5580000)
  object space 68608K, 7% used [0x0000000080000000,0x00000000805162a0,0x0000000084300000)
 Metaspace       used 9468K, committed 9856K, reserved 1114112K
  class space    used 1007K, committed 1152K, reserved 1048576K
}
Event: 13.529 GC heap before
{Heap before GC invocations=4 (full 0):
 PSYoungGen      total 29696K, used 29684K [0x00000000d5580000, 0x00000000d7680000, 0x0000000100000000)
  eden space 25600K, 100% used [0x00000000d5580000,0x00000000d6e80000,0x00000000d6e80000)
  from space 4096K, 99% used [0x00000000d6e80000,0x00000000d727d290,0x00000000d7280000)
  to   space 4096K, 0% used [0x00000000d7280000,0x00000000d7280000,0x00000000d7680000)
 ParOldGen       total 68608K, used 5208K [0x0000000080000000, 0x0000000084300000, 0x00000000d5580000)
  object space 68608K, 7% used [0x0000000080000000,0x00000000805162a0,0x0000000084300000)
 Metaspace       used 11724K, committed 12096K, reserved 1114112K
  class space    used 1236K, committed 1408K, reserved 1048576K
}
Event: 13.542 GC heap after
{Heap after GC invocations=4 (full 0):
 PSYoungGen      total 29696K, used 4095K [0x00000000d5580000, 0x00000000d7680000, 0x0000000100000000)
  eden space 25600K, 0% used [0x00000000d5580000,0x00000000d5580000,0x00000000d6e80000)
  from space 4096K, 99% used [0x00000000d7280000,0x00000000d767fc28,0x00000000d7680000)
  to   space 4096K, 0% used [0x00000000d6e80000,0x00000000d6e80000,0x00000000d7280000)
 ParOldGen       total 68608K, used 6510K [0x0000000080000000, 0x0000000084300000, 0x00000000d5580000)
  object space 68608K, 9% used [0x0000000080000000,0x000000008065b9a8,0x0000000084300000)
 Metaspace       used 11724K, committed 12096K, reserved 1114112K
  class space    used 1236K, committed 1408K, reserved 1048576K
}
Event: 19.156 GC heap before
{Heap before GC invocations=5 (full 0):
 PSYoungGen      total 29696K, used 29695K [0x00000000d5580000, 0x00000000d7680000, 0x0000000100000000)
  eden space 25600K, 100% used [0x00000000d5580000,0x00000000d6e80000,0x00000000d6e80000)
  from space 4096K, 99% used [0x00000000d7280000,0x00000000d767fc28,0x00000000d7680000)
  to   space 4096K, 0% used [0x00000000d6e80000,0x00000000d6e80000,0x00000000d7280000)
 ParOldGen       total 68608K, used 6510K [0x0000000080000000, 0x0000000084300000, 0x00000000d5580000)
  object space 68608K, 9% used [0x0000000080000000,0x000000008065b9a8,0x0000000084300000)
 Metaspace       used 14822K, committed 15296K, reserved 1114112K
  class space    used 1509K, committed 1728K, reserved 1048576K
}
Event: 19.171 GC heap after
{Heap after GC invocations=5 (full 0):
 PSYoungGen      total 29184K, used 4066K [0x00000000d5580000, 0x00000000d7900000, 0x0000000100000000)
  eden space 25088K, 0% used [0x00000000d5580000,0x00000000d5580000,0x00000000d6e00000)
  from space 4096K, 99% used [0x00000000d6e80000,0x00000000d7278a18,0x00000000d7280000)
  to   space 5632K, 0% used [0x00000000d7380000,0x00000000d7380000,0x00000000d7900000)
 ParOldGen       total 68608K, used 7863K [0x0000000080000000, 0x0000000084300000, 0x00000000d5580000)
  object space 68608K, 11% used [0x0000000080000000,0x00000000807adc98,0x0000000084300000)
 Metaspace       used 14822K, committed 15296K, reserved 1114112K
  class space    used 1509K, committed 1728K, reserved 1048576K
}
Event: 26.083 GC heap before
{Heap before GC invocations=6 (full 0):
 PSYoungGen      total 29184K, used 29154K [0x00000000d5580000, 0x00000000d7900000, 0x0000000100000000)
  eden space 25088K, 100% used [0x00000000d5580000,0x00000000d6e00000,0x00000000d6e00000)
  from space 4096K, 99% used [0x00000000d6e80000,0x00000000d7278a18,0x00000000d7280000)
  to   space 5632K, 0% used [0x00000000d7380000,0x00000000d7380000,0x00000000d7900000)
 ParOldGen       total 68608K, used 7863K [0x0000000080000000, 0x0000000084300000, 0x00000000d5580000)
  object space 68608K, 11% used [0x0000000080000000,0x00000000807adc98,0x0000000084300000)
 Metaspace       used 18388K, committed 19136K, reserved 1114112K
  class space    used 1914K, committed 2240K, reserved 1048576K
}
Event: 26.093 GC heap after
{Heap after GC invocations=6 (full 0):
 PSYoungGen      total 29696K, used 4700K [0x00000000d5580000, 0x00000000d7880000, 0x0000000100000000)
  eden space 24576K, 0% used [0x00000000d5580000,0x00000000d5580000,0x00000000d6d80000)
  from space 5120K, 91% used [0x00000000d7380000,0x00000000d7817348,0x00000000d7880000)
  to   space 5120K, 0% used [0x00000000d6e80000,0x00000000d6e80000,0x00000000d7380000)
 ParOldGen       total 68608K, used 7871K [0x0000000080000000, 0x0000000084300000, 0x00000000d5580000)
  object space 68608K, 11% used [0x0000000080000000,0x00000000807afc98,0x0000000084300000)
 Metaspace       used 18388K, committed 19136K, reserved 1114112K
  class space    used 1914K, committed 2240K, reserved 1048576K
}
Event: 29.195 GC heap before
{Heap before GC invocations=7 (full 0):
 PSYoungGen      total 29696K, used 28727K [0x00000000d5580000, 0x00000000d7880000, 0x0000000100000000)
  eden space 24576K, 97% used [0x00000000d5580000,0x00000000d6cf6b78,0x00000000d6d80000)
  from space 5120K, 91% used [0x00000000d7380000,0x00000000d7817348,0x00000000d7880000)
  to   space 5120K, 0% used [0x00000000d6e80000,0x00000000d6e80000,0x00000000d7380000)
 ParOldGen       total 68608K, used 7871K [0x0000000080000000, 0x0000000084300000, 0x00000000d5580000)
  object space 68608K, 11% used [0x0000000080000000,0x00000000807afc98,0x0000000084300000)
 Metaspace       used 20689K, committed 21504K, reserved 1114112K
  class space    used 2183K, committed 2560K, reserved 1048576K
}
Event: 29.209 GC heap after
{Heap after GC invocations=7 (full 0):
 PSYoungGen      total 29184K, used 4429K [0x00000000d5580000, 0x00000000d7680000, 0x0000000100000000)
  eden space 24576K, 0% used [0x00000000d5580000,0x00000000d5580000,0x00000000d6d80000)
  from space 4608K, 96% used [0x00000000d6e80000,0x00000000d72d3420,0x00000000d7300000)
  to   space 3584K, 0% used [0x00000000d7300000,0x00000000d7300000,0x00000000d7680000)
 ParOldGen       total 68608K, used 9483K [0x0000000080000000, 0x0000000084300000, 0x00000000d5580000)
  object space 68608K, 13% used [0x0000000080000000,0x0000000080942c68,0x0000000084300000)
 Metaspace       used 20689K, committed 21504K, reserved 1114112K
  class space    used 2183K, committed 2560K, reserved 1048576K
}
Event: 29.209 GC heap before
{Heap before GC invocations=8 (full 1):
 PSYoungGen      total 29184K, used 4429K [0x00000000d5580000, 0x00000000d7680000, 0x0000000100000000)
  eden space 24576K, 0% used [0x00000000d5580000,0x00000000d5580000,0x00000000d6d80000)
  from space 4608K, 96% used [0x00000000d6e80000,0x00000000d72d3420,0x00000000d7300000)
  to   space 3584K, 0% used [0x00000000d7300000,0x00000000d7300000,0x00000000d7680000)
 ParOldGen       total 68608K, used 9483K [0x0000000080000000, 0x0000000084300000, 0x00000000d5580000)
  object space 68608K, 13% used [0x0000000080000000,0x0000000080942c68,0x0000000084300000)
 Metaspace       used 20689K, committed 21504K, reserved 1114112K
  class space    used 2183K, committed 2560K, reserved 1048576K
}
Event: 29.292 GC heap after
{Heap after GC invocations=8 (full 1):
 PSYoungGen      total 29184K, used 0K [0x00000000d5580000, 0x00000000d7680000, 0x0000000100000000)
  eden space 24576K, 0% used [0x00000000d5580000,0x00000000d5580000,0x00000000d6d80000)
  from space 4608K, 0% used [0x00000000d6e80000,0x00000000d6e80000,0x00000000d7300000)
  to   space 3584K, 0% used [0x00000000d7300000,0x00000000d7300000,0x00000000d7680000)
 ParOldGen       total 68608K, used 13149K [0x0000000080000000, 0x0000000084300000, 0x00000000d5580000)
  object space 68608K, 19% used [0x0000000080000000,0x0000000080cd75a8,0x0000000084300000)
 Metaspace       used 20676K, committed 21504K, reserved 1114112K
  class space    used 2179K, committed 2560K, reserved 1048576K
}
Event: 30.374 GC heap before
{Heap before GC invocations=9 (full 1):
 PSYoungGen      total 29184K, used 24456K [0x00000000d5580000, 0x00000000d7680000, 0x0000000100000000)
  eden space 24576K, 99% used [0x00000000d5580000,0x00000000d6d62298,0x00000000d6d80000)
  from space 4608K, 0% used [0x00000000d6e80000,0x00000000d6e80000,0x00000000d7300000)
  to   space 3584K, 0% used [0x00000000d7300000,0x00000000d7300000,0x00000000d7680000)
 ParOldGen       total 68608K, used 13149K [0x0000000080000000, 0x0000000084300000, 0x00000000d5580000)
  object space 68608K, 19% used [0x0000000080000000,0x0000000080cd75a8,0x0000000084300000)
 Metaspace       used 22704K, committed 23616K, reserved 1114112K
  class space    used 2362K, committed 2752K, reserved 1048576K
}
Event: 30.378 GC heap after
{Heap after GC invocations=9 (full 1):
 PSYoungGen      total 27136K, used 2947K [0x00000000d5580000, 0x00000000d7600000, 0x0000000100000000)
  eden space 24064K, 0% used [0x00000000d5580000,0x00000000d5580000,0x00000000d6d00000)
  from space 3072K, 95% used [0x00000000d7300000,0x00000000d75e0c28,0x00000000d7600000)
  to   space 3584K, 0% used [0x00000000d6f00000,0x00000000d6f00000,0x00000000d7280000)
 ParOldGen       total 68608K, used 13157K [0x0000000080000000, 0x0000000084300000, 0x00000000d5580000)
  object space 68608K, 19% used [0x0000000080000000,0x0000000080cd95a8,0x0000000084300000)
 Metaspace       used 22704K, committed 23616K, reserved 1114112K
  class space    used 2362K, committed 2752K, reserved 1048576K
}
Event: 33.046 GC heap before
{Heap before GC invocations=10 (full 1):
 PSYoungGen      total 27136K, used 27011K [0x00000000d5580000, 0x00000000d7600000, 0x0000000100000000)
  eden space 24064K, 100% used [0x00000000d5580000,0x00000000d6d00000,0x00000000d6d00000)
  from space 3072K, 95% used [0x00000000d7300000,0x00000000d75e0c28,0x00000000d7600000)
  to   space 3584K, 0% used [0x00000000d6f00000,0x00000000d6f00000,0x00000000d7280000)
 ParOldGen       total 68608K, used 13157K [0x0000000080000000, 0x0000000084300000, 0x00000000d5580000)
  object space 68608K, 19% used [0x0000000080000000,0x0000000080cd95a8,0x0000000084300000)
 Metaspace       used 26253K, committed 27200K, reserved 1114112K
  class space    used 2671K, committed 3072K, reserved 1048576K
}
Event: 33.054 GC heap after
{Heap after GC invocations=10 (full 1):
 PSYoungGen      total 25600K, used 1731K [0x00000000d5580000, 0x00000000d7380000, 0x0000000100000000)
  eden space 23552K, 0% used [0x00000000d5580000,0x00000000d5580000,0x00000000d6c80000)
  from space 2048K, 84% used [0x00000000d6f00000,0x00000000d70b0dc8,0x00000000d7100000)
  to   space 2560K, 0% used [0x00000000d7100000,0x00000000d7100000,0x00000000d7380000)
 ParOldGen       total 68608K, used 13157K [0x0000000080000000, 0x0000000084300000, 0x00000000d5580000)
  object space 68608K, 19% used [0x0000000080000000,0x0000000080cd95a8,0x0000000084300000)
 Metaspace       used 26253K, committed 27200K, reserved 1114112K
  class space    used 2671K, committed 3072K, reserved 1048576K
}
Event: 35.442 GC heap before
{Heap before GC invocations=11 (full 1):
 PSYoungGen      total 25600K, used 25283K [0x00000000d5580000, 0x00000000d7380000, 0x0000000100000000)
  eden space 23552K, 100% used [0x00000000d5580000,0x00000000d6c80000,0x00000000d6c80000)
  from space 2048K, 84% used [0x00000000d6f00000,0x00000000d70b0dc8,0x00000000d7100000)
  to   space 2560K, 0% used [0x00000000d7100000,0x00000000d7100000,0x00000000d7380000)
 ParOldGen       total 68608K, used 13157K [0x0000000080000000, 0x0000000084300000, 0x00000000d5580000)
  object space 68608K, 19% used [0x0000000080000000,0x0000000080cd95a8,0x0000000084300000)
 Metaspace       used 29296K, committed 30336K, reserved 1114112K
  class space    used 2982K, committed 3456K, reserved 1048576K
}
Event: 35.450 GC heap after
{Heap after GC invocations=11 (full 1):
 PSYoungGen      total 25600K, used 2536K [0x00000000d5580000, 0x00000000d7400000, 0x0000000100000000)
  eden space 23040K, 0% used [0x00000000d5580000,0x00000000d5580000,0x00000000d6c00000)
  from space 2560K, 99% used [0x00000000d7100000,0x00000000d737a2b0,0x00000000d7380000)
  to   space 4096K, 0% used [0x00000000d6c00000,0x00000000d6c00000,0x00000000d7000000)
 ParOldGen       total 68608K, used 14251K [0x0000000080000000, 0x0000000084300000, 0x00000000d5580000)
  object space 68608K, 20% used [0x0000000080000000,0x0000000080deaf20,0x0000000084300000)
 Metaspace       used 29296K, committed 30336K, reserved 1114112K
  class space    used 2982K, committed 3456K, reserved 1048576K
}
Event: 37.113 GC heap before
{Heap before GC invocations=12 (full 1):
 PSYoungGen      total 25600K, used 25571K [0x00000000d5580000, 0x00000000d7400000, 0x0000000100000000)
  eden space 23040K, 99% used [0x00000000d5580000,0x00000000d6bfeb70,0x00000000d6c00000)
  from space 2560K, 99% used [0x00000000d7100000,0x00000000d737a2b0,0x00000000d7380000)
  to   space 4096K, 0% used [0x00000000d6c00000,0x00000000d6c00000,0x00000000d7000000)
 ParOldGen       total 68608K, used 14251K [0x0000000080000000, 0x0000000084300000, 0x00000000d5580000)
  object space 68608K, 20% used [0x0000000080000000,0x0000000080deaf20,0x0000000084300000)
 Metaspace       used 30193K, committed 31104K, reserved 1114112K
  class space    used 3087K, committed 3520K, reserved 1048576K
}
Event: 37.120 GC heap after
{Heap after GC invocations=12 (full 1):
 PSYoungGen      total 23552K, used 697K [0x00000000d5580000, 0x00000000d7180000, 0x0000000100000000)
  eden space 22528K, 0% used [0x00000000d5580000,0x00000000d5580000,0x00000000d6b80000)
  from space 1024K, 68% used [0x00000000d6c00000,0x00000000d6cae588,0x00000000d6d00000)
  to   space 2048K, 0% used [0x00000000d6f80000,0x00000000d6f80000,0x00000000d7180000)
 ParOldGen       total 68608K, used 16654K [0x0000000080000000, 0x0000000084300000, 0x00000000d5580000)
  object space 68608K, 24% used [0x0000000080000000,0x00000000810439e8,0x0000000084300000)
 Metaspace       used 30193K, committed 31104K, reserved 1114112K
  class space    used 3087K, committed 3520K, reserved 1048576K
}

Dll operation events (10 events):
Event: 0.060 Loaded shared library c:\Users\ririn\.vscode\extensions\redhat.java-1.53.0-win32-x64\jre\21.0.10-win32-x86_64\bin\java.dll
Event: 0.910 Loaded shared library c:\Users\ririn\.vscode\extensions\redhat.java-1.53.0-win32-x64\jre\21.0.10-win32-x86_64\bin\zip.dll
Event: 1.190 Loaded shared library C:\Users\ririn\.vscode\extensions\redhat.java-1.53.0-win32-x64\jre\21.0.10-win32-x86_64\bin\instrument.dll
Event: 1.258 Loaded shared library C:\Users\ririn\.vscode\extensions\redhat.java-1.53.0-win32-x64\jre\21.0.10-win32-x86_64\bin\net.dll
Event: 1.267 Loaded shared library C:\Users\ririn\.vscode\extensions\redhat.java-1.53.0-win32-x64\jre\21.0.10-win32-x86_64\bin\nio.dll
Event: 1.443 Loaded shared library C:\Users\ririn\.vscode\extensions\redhat.java-1.53.0-win32-x64\jre\21.0.10-win32-x86_64\bin\zip.dll
Event: 1.812 Loaded shared library C:\Users\ririn\.vscode\extensions\redhat.java-1.53.0-win32-x64\jre\21.0.10-win32-x86_64\bin\jimage.dll
Event: 3.008 Loaded shared library c:\Users\ririn\.vscode\extensions\redhat.java-1.53.0-win32-x64\jre\21.0.10-win32-x86_64\bin\verify.dll
Event: 9.696 Loaded shared library C:\Users\ririn\AppData\Roaming\Code\User\globalStorage\redhat.java\1.53.0\config_win\org.eclipse.equinox.launcher\org.eclipse.equinox.launcher.win32.win32.x86_64_1.3.0.v20260203-2149\eclipse_11919.dll
Event: 23.659 Loaded shared library C:\Users\ririn\AppData\Local\Temp\jna-108522368\jna4351359251313172112.dll

Deoptimization events (20 events):
Event: 38.220 Thread 0x000001ec6db58640 DEOPT PACKING pc=0x000001ec189563d4 sp=0x0000001bdfafaa00
Event: 38.220 Thread 0x000001ec6db58640 DEOPT UNPACKING pc=0x000001ec1f8e4242 sp=0x0000001bdfaf9f50 mode 0
Event: 38.220 Thread 0x000001ec6db58640 DEOPT PACKING pc=0x000001ec18809ee4 sp=0x0000001bdfafad90
Event: 38.220 Thread 0x000001ec6db58640 DEOPT UNPACKING pc=0x000001ec1f8e4242 sp=0x0000001bdfafa328 mode 0
Event: 38.527 Thread 0x000001ec6db58640 Uncommon trap: trap_request=0xffffff45 fr.pc=0x000001ec1fec1394 relative=0x0000000000000494
Event: 38.527 Thread 0x000001ec6db58640 Uncommon trap: reason=unstable_if action=reinterpret pc=0x000001ec1fec1394 method=java.lang.AbstractStringBuilder.inflateIfNeededFor(Ljava/lang/String;)V @ 14 c2
Event: 38.527 Thread 0x000001ec6db58640 DEOPT PACKING pc=0x000001ec1fec1394 sp=0x0000001bdfafe640
Event: 38.527 Thread 0x000001ec6db58640 DEOPT UNPACKING pc=0x000001ec1f8e3aa2 sp=0x0000001bdfafe548 mode 2
Event: 38.527 Thread 0x000001ec6db58640 Uncommon trap: trap_request=0xffffff45 fr.pc=0x000001ec1ff6d1f4 relative=0x00000000000004f4
Event: 38.527 Thread 0x000001ec6db58640 Uncommon trap: reason=unstable_if action=reinterpret pc=0x000001ec1ff6d1f4 method=java.lang.AbstractStringBuilder.isLatin1()Z @ 10 c2
Event: 38.527 Thread 0x000001ec6db58640 DEOPT PACKING pc=0x000001ec1ff6d1f4 sp=0x0000001bdfafe610
Event: 38.527 Thread 0x000001ec6db58640 DEOPT UNPACKING pc=0x000001ec1f8e3aa2 sp=0x0000001bdfafe510 mode 2
Event: 38.527 Thread 0x000001ec6db58640 Uncommon trap: trap_request=0xffffff45 fr.pc=0x000001ec1ff152e8 relative=0x0000000000000428
Event: 38.527 Thread 0x000001ec6db58640 Uncommon trap: reason=unstable_if action=reinterpret pc=0x000001ec1ff152e8 method=java.lang.AbstractStringBuilder.isLatin1()Z @ 10 c2
Event: 38.527 Thread 0x000001ec6db58640 DEOPT PACKING pc=0x000001ec1ff152e8 sp=0x0000001bdfafe770
Event: 38.527 Thread 0x000001ec6db58640 DEOPT UNPACKING pc=0x000001ec1f8e3aa2 sp=0x0000001bdfafe6e0 mode 2
Event: 38.584 Thread 0x000001ec72c719b0 DEOPT PACKING pc=0x000001ec2001f474 sp=0x0000001be00fbf80
Event: 38.584 Thread 0x000001ec72c719b0 DEOPT UNPACKING pc=0x000001ec1f8e4242 sp=0x0000001be00fb2a8 mode 0
Event: 38.587 Thread 0x000001ec72c719b0 DEOPT PACKING pc=0x000001ec2001fb90 sp=0x0000001be00fdc60
Event: 38.587 Thread 0x000001ec72c719b0 DEOPT UNPACKING pc=0x000001ec1f8e4242 sp=0x0000001be00fd190 mode 0

Classes loaded (20 events):
Event: 37.741 Loading class com/sun/org/apache/xerces/internal/impl/msg/XMLMessages_en
Event: 37.741 Loading class com/sun/org/apache/xerces/internal/impl/msg/XMLMessages_en done
Event: 37.741 Loading class com/sun/org/apache/xerces/internal/impl/msg/XMLMessages_en
Event: 37.741 Loading class com/sun/org/apache/xerces/internal/impl/msg/XMLMessages_en done
Event: 37.742 Loading class com/sun/org/apache/xerces/internal/impl/msg/XMLMessages_en_ID
Event: 37.742 Loading class com/sun/org/apache/xerces/internal/impl/msg/XMLMessages_en_ID done
Event: 37.742 Loading class com/sun/org/apache/xerces/internal/impl/msg/XMLMessages_en_ID
Event: 37.742 Loading class com/sun/org/apache/xerces/internal/impl/msg/XMLMessages_en_ID done
Event: 38.241 Loading class java/net/Authenticator
Event: 38.263 Loading class java/net/Authenticator done
Event: 38.281 Loading class java/net/SocketAddress
Event: 38.295 Loading class java/net/SocketAddress done
Event: 38.295 Loading class java/net/InetSocketAddress
Event: 38.295 Loading class java/net/InetSocketAddress done
Event: 38.295 Loading class java/nio/channels/AsynchronousByteChannel
Event: 38.299 Loading class java/nio/channels/AsynchronousChannel
Event: 38.299 Loading class java/nio/channels/AsynchronousChannel done
Event: 38.299 Loading class java/nio/channels/AsynchronousByteChannel done
Event: 38.552 Loading class java/lang/ProcessEnvironment
Event: 38.582 Loading class java/lang/ProcessEnvironment done

Classes unloaded (7 events):
Event: 29.222 Thread 0x000001ec1521e590 Unloading class 0x000001ec2d1ad000 'java/lang/invoke/LambdaForm$MH+0x000001ec2d1ad000'
Event: 29.222 Thread 0x000001ec1521e590 Unloading class 0x000001ec2d1acc00 'java/lang/invoke/LambdaForm$MH+0x000001ec2d1acc00'
Event: 29.222 Thread 0x000001ec1521e590 Unloading class 0x000001ec2d1ac800 'java/lang/invoke/LambdaForm$MH+0x000001ec2d1ac800'
Event: 29.222 Thread 0x000001ec1521e590 Unloading class 0x000001ec2d1ac400 'java/lang/invoke/LambdaForm$MH+0x000001ec2d1ac400'
Event: 29.222 Thread 0x000001ec1521e590 Unloading class 0x000001ec2d1ac000 'java/lang/invoke/LambdaForm$BMH+0x000001ec2d1ac000'
Event: 29.222 Thread 0x000001ec1521e590 Unloading class 0x000001ec2d1abc00 'java/lang/invoke/LambdaForm$DMH+0x000001ec2d1abc00'
Event: 29.222 Thread 0x000001ec1521e590 Unloading class 0x000001ec2d1aa800 'java/lang/invoke/LambdaForm$DMH+0x000001ec2d1aa800'

Classes redefined (0 events):
No events

Internal exceptions (20 events):
Event: 29.301 Thread 0x000001ec6db58640 Exception <a 'java/lang/NoSuchMethodError'{0x00000000d5593530}: 'int java.lang.invoke.DirectMethodHandle$Holder.invokeStaticInit(java.lang.Object, double, double)'> (0x00000000d5593530) 
thrown [s\src\hotspot\share\interpreter\linkResolver.cpp, line 773]
Event: 29.303 Thread 0x000001ec6db58640 Exception <a 'java/lang/NoSuchMethodError'{0x00000000d5598980}: 'int java.lang.invoke.DirectMethodHandle$Holder.invokeStatic(java.lang.Object, long)'> (0x00000000d5598980) 
thrown [s\src\hotspot\share\interpreter\linkResolver.cpp, line 773]
Event: 29.313 Thread 0x000001ec6db58640 Exception <a 'java/lang/NoSuchMethodError'{0x00000000d55aa5b0}: 'int java.lang.invoke.DirectMethodHandle$Holder.invokeSpecial(java.lang.Object, java.lang.Object, int, int)'> (0x00000000d55aa5b0) 
thrown [s\src\hotspot\share\interpreter\linkResolver.cpp, line 773]
Event: 29.326 Thread 0x000001ec6db58640 Exception <a 'java/lang/NoSuchMethodError'{0x00000000d55b8d40}: 'int java.lang.invoke.Invokers$Holder.linkToTargetMethod(java.lang.Object, java.lang.Object)'> (0x00000000d55b8d40) 
thrown [s\src\hotspot\share\interpreter\linkResolver.cpp, line 773]
Event: 29.448 Thread 0x000001ec6db58640 Exception <a 'java/lang/NoSuchMethodError'{0x00000000d56d6450}: 'java.lang.Object java.lang.invoke.Invokers$Holder.invoke_MT(java.lang.Object, java.lang.Object, java.lang.Object, java.lang.Object, java.lang.Object, java.lang.Object, java.lang.Object, java.lang.Object, java.lang.Object, java.lang.Object, java.lang.Object)'> (0x00000000d56d6450) 
thrown [s\src\hotspot\share\interpreter\linkResolver.cpp, line 773]
Event: 29.514 Thread 0x000001ec6db58640 Exception <a 'java/lang/NoSuchMethodError'{0x00000000d57629f0}: 'java.lang.Object java.lang.invoke.Invokers$Holder.invoke_MT(java.lang.Object, java.lang.Object, java.lang.Object, java.lang.Object, java.lang.Object, java.lang.Object, java.lang.Object, java.lang.Object, java.lang.Object, java.lang.Object)'> (0x00000000d57629f0) 
thrown [s\src\hotspot\share\interpreter\linkResolver.cpp, line 773]
Event: 29.557 Thread 0x000001ec6db58640 Exception <a 'java/lang/NoSuchMethodError'{0x00000000d581e040}: 'java.lang.Object java.lang.invoke.DirectMethodHandle$Holder.newInvokeSpecial(java.lang.Object, java.lang.Object, java.lang.Object, java.lang.Object, java.lang.Object, java.lang.Object, java.lang.Object)'> (0x00000000d581e040) 
thrown [s\src\hotspot\share\interpreter\linkResolver.cpp, line 773]
Event: 29.579 Thread 0x000001ec6db58640 Exception <a 'java/lang/NoSuchMethodError'{0x00000000d5895c58}: 'java.lang.Object java.lang.invoke.Invokers$Holder.invoker(java.lang.Object, java.lang.Object, java.lang.Object, java.lang.Object, java.lang.Object, java.lang.Object, java.lang.Object, java.lang.Object, java.lang.Object, java.lang.Object, java.lang.Object, java.lang.Object, java.lang.Object)'> (0x00000000d5895c58) 
thrown [s\src\hotspot\share\interpreter\linkResolver.cpp, line 773]
Event: 29.581 Thread 0x000001ec6db58640 Exception <a 'java/lang/NoSuchMethodError'{0x00000000d58a0338}: 'java.lang.Object java.lang.invoke.DelegatingMethodHandle$Holder.delegate(java.lang.Object, java.lang.Object, java.lang.Object, java.lang.Object, java.lang.Object, java.lang.Object, java.lang.Object, java.lang.Object, java.lang.Object, java.lang.Object, java.lang.Object, java.lang.Object, java.lang.Object)'> (0x00000000d58a0338) 
thrown [s\src\hotspot\share\interpreter\linkResolver.cpp, line 773]
Event: 29.607 Thread 0x000001ec6db58640 Exception <a 'java/lang/NoSuchMethodError'{0x00000000d5907a70}: static Lorg/eclipse/m2e/core/internal/lifecyclemapping/model/PluginExecutionMetadata;.<clinit>()V> (0x00000000d5907a70) 
thrown [s\src\hotspot\share\prims\jni.cpp, line 1111]
Event: 29.621 Thread 0x000001ec6db58640 Exception <a 'java/lang/NoSuchMethodError'{0x00000000d5967690}: static Lorg/eclipse/m2e/core/internal/lifecyclemapping/model/PluginExecutionFilter;.<clinit>()V> (0x00000000d5967690) 
thrown [s\src\hotspot\share\prims\jni.cpp, line 1111]
Event: 29.628 Thread 0x000001ec6db58640 Exception <a 'java/lang/NoSuchMethodError'{0x00000000d5997708}: static Lorg/eclipse/m2e/core/internal/project/registry/MavenProjectFacade$MavenProjectConfiguration;.<clinit>()V> (0x00000000d5997708) 
thrown [s\src\hotspot\share\prims\jni.cpp, line 1111]
Event: 29.941 Thread 0x000001ec6db58640 Exception <a 'java/lang/NoSuchMethodError'{0x00000000d5eae298}: 'double java.lang.invoke.DirectMethodHandle$Holder.invokeStatic(java.lang.Object, java.lang.Object)'> (0x00000000d5eae298) 
thrown [s\src\hotspot\share\interpreter\linkResolver.cpp, line 773]
Event: 29.942 Thread 0x000001ec6db58640 Exception <a 'java/lang/NoSuchMethodError'{0x00000000d5eb1958}: 'double java.lang.invoke.DirectMethodHandle$Holder.invokeStaticInit(java.lang.Object, java.lang.Object)'> (0x00000000d5eb1958) 
thrown [s\src\hotspot\share\interpreter\linkResolver.cpp, line 773]
Event: 31.260 Thread 0x000001ec72c719b0 Exception <a 'java/lang/NoSuchMethodError'{0x00000000d5daf568}: 'java.lang.Object java.lang.invoke.DirectMethodHandle$Holder.invokeSpecialIFC(java.lang.Object, java.lang.Object, java.lang.Object, java.lang.Object)'> (0x00000000d5daf568) 
thrown [s\src\hotspot\share\interpreter\linkResolver.cpp, line 773]
Event: 35.513 Thread 0x000001ec6db58640 Exception <a 'java/lang/NoSuchMethodError'{0x00000000d5e7f1e8}: 'java.lang.Object java.lang.invoke.DirectMethodHandle$Holder.newInvokeSpecial(java.lang.Object, int, java.lang.Object, java.lang.Object)'> (0x00000000d5e7f1e8) 
thrown [s\src\hotspot\share\interpreter\linkResolver.cpp, line 773]
Event: 36.017 Thread 0x000001ec72c719b0 Exception <a 'java/lang/NoClassDefFoundError'{0x00000000d62d6868}: javax/enterprise/inject/Typed> (0x00000000d62d6868) 
thrown [s\src\hotspot\share\classfile\systemDictionary.cpp, line 301]
Event: 37.729 Thread 0x000001ec6db58640 Exception <a 'java/lang/ClassNotFoundException'{0x00000000d5d19c58}: com/sun/org/apache/xerces/internal/impl/msg/spi/DOMMessagesProvider> (0x00000000d5d19c58) 
thrown [s\src\hotspot\share\classfile\systemDictionary.cpp, line 312]
Event: 37.734 Thread 0x000001ec6db58640 Exception <a 'java/lang/ClassNotFoundException'{0x00000000d5d2b410}: com/sun/org/apache/xerces/internal/impl/msg/spi/XMLSerializerMessagesProvider> (0x00000000d5d2b410) 
thrown [s\src\hotspot\share\classfile\systemDictionary.cpp, line 312]
Event: 37.737 Thread 0x000001ec6db58640 Exception <a 'java/lang/ClassNotFoundException'{0x00000000d5d38730}: com/sun/org/apache/xerces/internal/impl/msg/spi/XMLMessagesProvider> (0x00000000d5d38730) 
thrown [s\src\hotspot\share\classfile\systemDictionary.cpp, line 312]

ZGC Phase Switch (0 events):
No events

VM Operations (20 events):
Event: 31.865 Executing safepoint VM operation: Cleanup done
Event: 32.871 Executing safepoint VM operation: Cleanup
Event: 32.887 Executing safepoint VM operation: Cleanup done
Event: 33.002 Executing safepoint VM operation: ParallelGCFailedAllocation (Allocation Failure)
Event: 33.054 Executing safepoint VM operation: ParallelGCFailedAllocation (Allocation Failure) done
Event: 34.060 Executing safepoint VM operation: Cleanup
Event: 34.295 Executing safepoint VM operation: Cleanup done
Event: 35.305 Executing safepoint VM operation: Cleanup
Event: 35.427 Executing safepoint VM operation: Cleanup done
Event: 35.436 Executing safepoint VM operation: ParallelGCFailedAllocation (Allocation Failure)
Event: 35.450 Executing safepoint VM operation: ParallelGCFailedAllocation (Allocation Failure) done
Event: 35.991 Executing non-safepoint VM operation: HandshakeAllThreads (Deoptimize)
Event: 35.991 Executing non-safepoint VM operation: HandshakeAllThreads (Deoptimize) done
Event: 37.006 Executing safepoint VM operation: Cleanup
Event: 37.071 Executing safepoint VM operation: Cleanup done
Event: 37.113 Executing safepoint VM operation: ParallelGCFailedAllocation (Allocation Failure)
Event: 37.120 Executing safepoint VM operation: ParallelGCFailedAllocation (Allocation Failure) done
Event: 38.122 Executing safepoint VM operation: Cleanup
Event: 38.122 Executing safepoint VM operation: Cleanup done
Event: 38.585 Executing non-safepoint VM operation: HandshakeAllThreads (Deoptimize)

Memory protections (0 events):
No events

Nmethod flushes (0 events):
No events

Events (20 events):
Event: 0.283 Thread 0x000001ec1515d970 Thread added: 0x000001ec1504a710
Event: 0.283 Thread 0x000001ec1515d970 Thread added: 0x000001ec1504b630
Event: 0.283 Thread 0x000001ec1515d970 Thread added: 0x000001ec1504c550
Event: 0.284 Thread 0x000001ec1515d970 Thread added: 0x000001ec1504e1c0
Event: 0.284 Thread 0x000001ec1515d970 Thread added: 0x000001ec15051110
Event: 0.321 Thread 0x000001ec1515d970 Thread added: 0x000001ec150c2800
Event: 1.240 Thread 0x000001ec1515d970 Thread added: 0x000001ec6d8723a0
Event: 3.707 Thread 0x000001ec1515d970 Thread added: 0x000001ec6da32df0
Event: 8.696 Thread 0x000001ec1515d970 Thread added: 0x000001ec7247a040
Event: 9.656 Thread 0x000001ec1515d970 Thread added: 0x000001ec72043bb0
Event: 9.800 Thread 0x000001ec72043bb0 Thread added: 0x000001ec7232e580
Event: 9.811 Thread 0x000001ec1515d970 Thread added: 0x000001ec6db58640
Event: 11.199 Thread 0x000001ec6db58640 Thread added: 0x000001ec7239cfc0
Event: 13.330 Thread 0x000001ec6db58640 Thread added: 0x000001ec729d5ab0
Event: 18.402 Thread 0x000001ec6db58640 Thread added: 0x000001ec72bf6560
Event: 24.272 Thread 0x000001ec6db58640 Thread added: 0x000001ec72c71320
Event: 24.696 Thread 0x000001ec6db58640 Thread added: 0x000001ec72c72d60
Event: 24.897 Thread 0x000001ec6db58640 Thread added: 0x000001ec72c719b0
Event: 31.095 Thread 0x000001ec72c72d60 Thread added: 0x000001ec72c70c90
Event: 38.219 Thread 0x000001ec6db58640 Thread added: 0x000001ec72c72040


Dynamic libraries:
0x00007ff750a50000 - 0x00007ff750a5e000 	c:\Users\ririn\.vscode\extensions\redhat.java-1.53.0-win32-x64\jre\21.0.10-win32-x86_64\bin\java.exe
0x00007fff60fb0000 - 0x00007fff611c8000 	C:\WINDOWS\SYSTEM32\ntdll.dll
0x00007fff5f6c0000 - 0x00007fff5f784000 	C:\WINDOWS\System32\KERNEL32.DLL
0x00007fff5e1e0000 - 0x00007fff5e5b3000 	C:\WINDOWS\System32\KERNELBASE.dll
0x00007fff5eb30000 - 0x00007fff5ec41000 	C:\WINDOWS\System32\ucrtbase.dll
0x00007fff44ea0000 - 0x00007fff44eb8000 	c:\Users\ririn\.vscode\extensions\redhat.java-1.53.0-win32-x64\jre\21.0.10-win32-x86_64\bin\jli.dll
0x00007fff5f070000 - 0x00007fff5f222000 	C:\WINDOWS\System32\USER32.dll
0x00007fff5e690000 - 0x00007fff5e6b6000 	C:\WINDOWS\System32\win32u.dll
0x00007fff5f800000 - 0x00007fff5f829000 	C:\WINDOWS\System32\GDI32.dll
0x00007fff5e0c0000 - 0x00007fff5e1db000 	C:\WINDOWS\System32\gdi32full.dll
0x00007fff5e5c0000 - 0x00007fff5e65a000 	C:\WINDOWS\System32\msvcp_win.dll
0x00007fff42980000 - 0x00007fff4299e000 	c:\Users\ririn\.vscode\extensions\redhat.java-1.53.0-win32-x64\jre\21.0.10-win32-x86_64\bin\VCRUNTIME140.dll
0x00007fff4ed70000 - 0x00007fff4f00c000 	C:\WINDOWS\WinSxS\amd64_microsoft.windows.common-controls_6595b64144ccf1df_6.0.22621.6060_none_2712eda17382d24b\COMCTL32.dll
0x00007fff5ec50000 - 0x00007fff5ecf7000 	C:\WINDOWS\System32\msvcrt.dll
0x00007fff5f230000 - 0x00007fff5f261000 	C:\WINDOWS\System32\IMM32.DLL
0x00007fff5ab60000 - 0x00007fff5ab6c000 	c:\Users\ririn\.vscode\extensions\redhat.java-1.53.0-win32-x64\jre\21.0.10-win32-x86_64\bin\vcruntime140_1.dll
0x00007fff2bea0000 - 0x00007fff2bf2d000 	c:\Users\ririn\.vscode\extensions\redhat.java-1.53.0-win32-x64\jre\21.0.10-win32-x86_64\bin\msvcp140.dll
0x00007fff04340000 - 0x00007fff050e1000 	c:\Users\ririn\.vscode\extensions\redhat.java-1.53.0-win32-x64\jre\21.0.10-win32-x86_64\bin\server\jvm.dll
0x00007fff5fe80000 - 0x00007fff5ff31000 	C:\WINDOWS\System32\ADVAPI32.dll
0x00007fff604c0000 - 0x00007fff60568000 	C:\WINDOWS\System32\sechost.dll
0x00007fff5e660000 - 0x00007fff5e688000 	C:\WINDOWS\System32\bcrypt.dll
0x00007fff5f330000 - 0x00007fff5f448000 	C:\WINDOWS\System32\RPCRT4.dll
0x00007fff5f2a0000 - 0x00007fff5f311000 	C:\WINDOWS\System32\WS2_32.dll
0x00007fff5df90000 - 0x00007fff5dfdd000 	C:\WINDOWS\SYSTEM32\POWRPROF.dll
0x00007fff5a480000 - 0x00007fff5a4b4000 	C:\WINDOWS\SYSTEM32\WINMM.dll
0x00007fff56c20000 - 0x00007fff56c2a000 	C:\WINDOWS\SYSTEM32\VERSION.dll
0x00007fff5df70000 - 0x00007fff5df83000 	C:\WINDOWS\SYSTEM32\UMPDC.dll
0x00007fff5d070000 - 0x00007fff5d088000 	C:\WINDOWS\SYSTEM32\kernel.appcore.dll
0x00007fff540c0000 - 0x00007fff540ca000 	c:\Users\ririn\.vscode\extensions\redhat.java-1.53.0-win32-x64\jre\21.0.10-win32-x86_64\bin\jimage.dll
0x00007fff58990000 - 0x00007fff58bc3000 	C:\WINDOWS\SYSTEM32\DBGHELP.DLL
0x00007fff5ff40000 - 0x00007fff602d1000 	C:\WINDOWS\System32\combase.dll
0x00007fff5fd40000 - 0x00007fff5fe18000 	C:\WINDOWS\System32\OLEAUT32.dll
0x00007fff448b0000 - 0x00007fff448e2000 	C:\WINDOWS\SYSTEM32\dbgcore.DLL
0x00007fff5e6c0000 - 0x00007fff5e73b000 	C:\WINDOWS\System32\bcryptPrimitives.dll
0x00007fff53f70000 - 0x00007fff53f7f000 	c:\Users\ririn\.vscode\extensions\redhat.java-1.53.0-win32-x64\jre\21.0.10-win32-x86_64\bin\instrument.dll
0x00007fff42200000 - 0x00007fff42220000 	c:\Users\ririn\.vscode\extensions\redhat.java-1.53.0-win32-x64\jre\21.0.10-win32-x86_64\bin\java.dll
0x00007fff60570000 - 0x00007fff60e0c000 	C:\WINDOWS\System32\SHELL32.dll
0x00007fff5e7c0000 - 0x00007fff5e8ff000 	C:\WINDOWS\System32\wintypes.dll
0x00007fff5bf70000 - 0x00007fff5c88a000 	C:\WINDOWS\SYSTEM32\windows.storage.dll
0x00007fff5ef60000 - 0x00007fff5f064000 	C:\WINDOWS\System32\SHCORE.dll
0x00007fff5f4a0000 - 0x00007fff5f509000 	C:\WINDOWS\System32\shlwapi.dll
0x00007fff5dff0000 - 0x00007fff5e015000 	C:\WINDOWS\SYSTEM32\profapi.dll
0x00007fff40a40000 - 0x00007fff40a58000 	c:\Users\ririn\.vscode\extensions\redhat.java-1.53.0-win32-x64\jre\21.0.10-win32-x86_64\bin\zip.dll
0x00007fff50480000 - 0x00007fff50490000 	C:\Users\ririn\.vscode\extensions\redhat.java-1.53.0-win32-x64\jre\21.0.10-win32-x86_64\bin\net.dll
0x00007fff573f0000 - 0x00007fff5751c000 	C:\WINDOWS\SYSTEM32\WINHTTP.dll
0x00007fff5d560000 - 0x00007fff5d5c9000 	C:\WINDOWS\system32\mswsock.dll
0x00007fff40920000 - 0x00007fff40936000 	C:\Users\ririn\.vscode\extensions\redhat.java-1.53.0-win32-x64\jre\21.0.10-win32-x86_64\bin\nio.dll
0x00007fff4eb90000 - 0x00007fff4eba0000 	c:\Users\ririn\.vscode\extensions\redhat.java-1.53.0-win32-x64\jre\21.0.10-win32-x86_64\bin\verify.dll
0x00007fff30390000 - 0x00007fff303d5000 	C:\Users\ririn\AppData\Roaming\Code\User\globalStorage\redhat.java\1.53.0\config_win\org.eclipse.equinox.launcher\org.eclipse.equinox.launcher.win32.win32.x86_64_1.3.0.v20260203-2149\eclipse_11919.dll
0x00007fff5f510000 - 0x00007fff5f6b1000 	C:\WINDOWS\System32\ole32.dll
0x00007fff5d7d0000 - 0x00007fff5d7eb000 	C:\WINDOWS\SYSTEM32\CRYPTSP.dll
0x00007fff5cfd0000 - 0x00007fff5d007000 	C:\WINDOWS\system32\rsaenh.dll
0x00007fff5d650000 - 0x00007fff5d678000 	C:\WINDOWS\SYSTEM32\USERENV.dll
0x00007fff5d7f0000 - 0x00007fff5d7fc000 	C:\WINDOWS\SYSTEM32\CRYPTBASE.dll
0x00007fff5cb30000 - 0x00007fff5cb5d000 	C:\WINDOWS\SYSTEM32\IPHLPAPI.DLL
0x00007fff5f280000 - 0x00007fff5f289000 	C:\WINDOWS\System32\NSI.dll
0x00007fff36a30000 - 0x00007fff36a79000 	C:\Users\ririn\AppData\Local\Temp\jna-108522368\jna4351359251313172112.dll
0x00007fff5f290000 - 0x00007fff5f298000 	C:\WINDOWS\System32\PSAPI.DLL

JVMTI agents:
c:\Users\ririn\.vscode\extensions\redhat.java-1.53.0-win32-x64\lombok\lombok-1.18.39-4050.jar path:c:\Users\ririn\.vscode\extensions\redhat.java-1.53.0-win32-x64\jre\21.0.10-win32-x86_64\bin\instrument.dll, loaded, initialized, instrumentlib options:none

dbghelp: loaded successfully - version: 4.0.5 - missing functions: none
symbol engine: initialized successfully - sym options: 0x614 - pdb path: .;c:\Users\ririn\.vscode\extensions\redhat.java-1.53.0-win32-x64\jre\21.0.10-win32-x86_64\bin;C:\WINDOWS\SYSTEM32;C:\WINDOWS\WinSxS\amd64_microsoft.windows.common-controls_6595b64144ccf1df_6.0.22621.6060_none_2712eda17382d24b;c:\Users\ririn\.vscode\extensions\redhat.java-1.53.0-win32-x64\jre\21.0.10-win32-x86_64\bin\server;C:\Users\ririn\AppData\Roaming\Code\User\globalStorage\redhat.java\1.53.0\config_win\org.eclipse.equinox.launcher\org.eclipse.equinox.launcher.win32.win32.x86_64_1.3.0.v20260203-2149;C:\Users\ririn\AppData\Local\Temp\jna-108522368

VM Arguments:
jvm_args: --add-modules=ALL-SYSTEM --add-opens=java.base/java.util=ALL-UNNAMED --add-opens=java.base/java.lang=ALL-UNNAMED --add-opens=java.base/sun.nio.fs=ALL-UNNAMED -Declipse.application=org.eclipse.jdt.ls.core.id1 -Dosgi.bundles.defaultStartLevel=4 -Declipse.product=org.eclipse.jdt.ls.core.product -Djava.import.generatesMetadataFilesAtProjectRoot=false -DDetectVMInstallationsJob.disabled=true -Dfile.encoding=utf8 -XX:+UseParallelGC -XX:GCTimeRatio=4 -XX:AdaptiveSizePolicyWeight=90 -Dsun.zip.disableMemoryMapping=true -Xmx2G -Xms100m -Xlog:disable -javaagent:c:\Users\ririn\.vscode\extensions\redhat.java-1.53.0-win32-x64\lombok\lombok-1.18.39-4050.jar -XX:+HeapDumpOnOutOfMemoryError -XX:HeapDumpPath=c:\Users\ririn\AppData\Roaming\Code\User\workspaceStorage\cbeca732ebdb99d6e2dc95832f15d590\redhat.java -Daether.dependencyCollector.impl=bf 
java_command: c:\Users\ririn\.vscode\extensions\redhat.java-1.53.0-win32-x64\server\plugins\org.eclipse.equinox.launcher_1.7.100.v20251111-0406.jar -configuration c:\Users\ririn\AppData\Roaming\Code\User\globalStorage\redhat.java\1.53.0\config_win -data c:\Users\ririn\AppData\Roaming\Code\User\workspaceStorage\cbeca732ebdb99d6e2dc95832f15d590\redhat.java\jdt_ws --pipe=\\.\pipe\lsp-0562deb54e38bc20434cf6c852035cca-sock
java_class_path (initial): c:\Users\ririn\.vscode\extensions\redhat.java-1.53.0-win32-x64\server\plugins\org.eclipse.equinox.launcher_1.7.100.v20251111-0406.jar
Launcher Type: SUN_STANDARD

[Global flags]
    uintx AdaptiveSizePolicyWeight                 = 90                                        {product} {command line}
     intx CICompilerCount                          = 3                                         {product} {ergonomic}
    uintx GCTimeRatio                              = 4                                         {product} {command line}
     bool HeapDumpOnOutOfMemoryError               = true                                   {manageable} {command line}
    ccstr HeapDumpPath                             = c:\Users\ririn\AppData\Roaming\Code\User\workspaceStorage\cbeca732ebdb99d6e2dc95832f15d590\redhat.java         {manageable} {command line}
   size_t InitialHeapSize                          = 104857600                                 {product} {command line}
   size_t MaxHeapSize                              = 2147483648                                {product} {command line}
   size_t MaxNewSize                               = 715653120                                 {product} {ergonomic}
   size_t MinHeapDeltaBytes                        = 524288                                    {product} {ergonomic}
   size_t MinHeapSize                              = 104857600                                 {product} {command line}
   size_t NewSize                                  = 34603008                                  {product} {ergonomic}
    uintx NonNMethodCodeHeapSize                   = 5832780                                {pd product} {ergonomic}
    uintx NonProfiledCodeHeapSize                  = 122912730                              {pd product} {ergonomic}
   size_t OldSize                                  = 70254592                                  {product} {ergonomic}
    uintx ProfiledCodeHeapSize                     = 122912730                              {pd product} {ergonomic}
    uintx ReservedCodeCacheSize                    = 251658240                              {pd product} {ergonomic}
     bool SegmentedCodeCache                       = true                                      {product} {ergonomic}
   size_t SoftMaxHeapSize                          = 2147483648                             {manageable} {ergonomic}
     bool UseCompressedOops                        = true                           {product lp64_product} {ergonomic}
     bool UseLargePagesIndividualAllocation        = false                                  {pd product} {ergonomic}
     bool UseParallelGC                            = true                                      {product} {command line}

Logging:
Log output configuration:
 #0: stdout all=off uptime,level,tags foldmultilines=false
 #1: stderr all=off uptime,level,tags foldmultilines=false

Release file:
JAVA_VERSION="21.0.10" 
MODULES="java.base java.compiler java.datatransfer java.xml java.prefs java.desktop java.instrument java.logging java.management java.security.sasl java.naming java.rmi java.management.rmi java.net.http java.scripting java.security.jgss java.transaction.xa java.sql java.sql.rowset java.xml.crypto java.se java.smartcardio jdk.accessibility jdk.internal.jvmstat jdk.attach jdk.charsets jdk.internal.opt jdk.zipfs jdk.compiler jdk.crypto.ec jdk.crypto.cryptoki jdk.crypto.mscapi jdk.dynalink jdk.internal.ed jdk.editpad jdk.hotspot.agent jdk.httpserver jdk.internal.le jdk.internal.vm.ci jdk.internal.vm.compiler jdk.internal.vm.compiler.management jdk.jartool jdk.javadoc jdk.jcmd jdk.management jdk.management.agent jdk.jconsole jdk.jdeps jdk.jdwp.agent jdk.jdi jdk.jfr jdk.jshell jdk.jsobject jdk.jstatd jdk.localedata jdk.management.jfr jdk.naming.dns jdk.naming.rmi jdk.net jdk.nio.mapmode jdk.random jdk.sctp jdk.security.auth jdk.security.jgss jdk.unsupported jdk.unsupported.desktop jdk.xml.dom" 

Environment Variables:
JAVA_HOME=C:\Program Files\Java\jdk-17
PATH=D:\KULIAH\Microsoft VS Code;C:\Program Files\Common Files\Oracle\Java\javapath;C:\Program Files (x86)\Common Files\Intel\Shared Files\cpp\bin\Intel64;C:\WINDOWS\system32;C:\WINDOWS;C:\WINDOWS\System32\Wbem;C:\WINDOWS\System32\WindowsPowerShell\v1.0\;C:\WINDOWS\System32\OpenSSH\;C:\xampp\php;C:\ProgramData\ComposerSetup\bin;C:\Program Files\Java\jdk-17\bin;C:\Program Files\Cloudflare\Cloudflare WARP\;C:\Users\ririn\AppData\Local\Microsoft\WindowsApps;D:\KULIAH\ALPRO\CodeBlocks\MinGW\bin;C:\MinGW\bin;D:\flutter\bin;C:\Program Files\Java\jdk-17.0.1\bin;C:\Users\ririn\AppData\Roaming\Composer\vendor\bin;D:\KULIAH\Microsoft VS Code\bin
USERNAME=ririn
OS=Windows_NT
PROCESSOR_IDENTIFIER=AMD64 Family 23 Model 24 Stepping 1, AuthenticAMD
TMP=C:\Users\ririn\AppData\Local\Temp
TEMP=C:\Users\ririn\AppData\Local\Temp




Periodic native trim disabled

---------------  S Y S T E M  ---------------

OS:
 Windows 11 , 64 bit Build 22621 (10.0.22621.5415)
OS uptime: 5 days 9:36 hours
Hyper-V role detected

CPU: total 4 (initial active 4) (4 cores per cpu, 2 threads per core) family 23 model 24 stepping 1 microcode 0x0, cx8, cmov, fxsr, ht, mmx, 3dnowpref, sse, sse2, sse3, ssse3, sse4a, sse4.1, sse4.2, popcnt, lzcnt, tsc, tscinvbit, avx, avx2, aes, clmul, bmi1, bmi2, adx, sha, fma, vzeroupper, clflush, clflushopt, hv, rdtscp, f16c
Processor Information for the first 4 processors :
  Max Mhz: 2600, Current Mhz: 2600, Mhz Limit: 2600

Memory: 4k page, system-wide physical 3521M (256M free)
TotalPageFile size 14273M (AvailPageFile size 0M)
current process WorkingSet (physical memory assigned to process): 155M, peak: 155M
current process commit charge ("private bytes"): 283M, peak: 287M

vm_info: OpenJDK 64-Bit Server VM (21.0.10+7-LTS) for windows-amd64 JRE (21.0.10+7-LTS), built on 2026-01-20T00:00:00Z by "admin" with MS VC++ 17.12 (VS2022)

END.
