#
# There is insufficient memory for the Java Runtime Environment to continue.
# Native memory allocation (malloc) failed to allocate 233744 bytes. Error detail: Chunk::new
# Possible reasons:
#   The system is out of physical RAM or swap space
#   This process is running with CompressedOops enabled, and the Java Heap may be blocking the growth of the native heap
# Possible solutions:
#   Reduce memory load on the system
#   Increase physical memory or swap space
#   Check if swap backing store is full
#   Decrease Java heap size (-Xmx/-Xms)
#   Decrease number of Java threads
#   Decrease Java thread stack sizes (-Xss)
#   Set larger code cache with -XX:ReservedCodeCacheSize=
#   JVM is running with Unscaled Compressed Oops mode in which the Java heap is
#     placed in the first 4GB address space. The Java Heap base address is the
#     maximum limit for the native heap growth. Please use -XX:HeapBaseMinAddress
#     to set the Java Heap base and to place the Java Heap above 4GB virtual address.
# This output file may be truncated or incomplete.
#
#  Out of Memory Error (arena.cpp:168), pid=18072, tid=18308
#
# JRE version: OpenJDK Runtime Environment Temurin-21.0.10+7 (21.0.10+7) (build 21.0.10+7-LTS)
# Java VM: OpenJDK 64-Bit Server VM Temurin-21.0.10+7 (21.0.10+7-LTS, mixed mode, sharing, tiered, compressed oops, compressed class ptrs, parallel gc, windows-amd64)
# No core dump will be written. Minidumps are not enabled by default on client versions of Windows
#

---------------  S U M M A R Y ------------

Command Line: --add-modules=ALL-SYSTEM --add-opens=java.base/java.util=ALL-UNNAMED --add-opens=java.base/java.lang=ALL-UNNAMED --add-opens=java.base/sun.nio.fs=ALL-UNNAMED -Declipse.application=org.eclipse.jdt.ls.core.id1 -Dosgi.bundles.defaultStartLevel=4 -Declipse.product=org.eclipse.jdt.ls.core.product -Djava.import.generatesMetadataFilesAtProjectRoot=false -DDetectVMInstallationsJob.disabled=true -Dfile.encoding=utf8 -XX:+UseParallelGC -XX:GCTimeRatio=4 -XX:AdaptiveSizePolicyWeight=90 -Dsun.zip.disableMemoryMapping=true -Xmx2G -Xms100m -Xlog:disable -javaagent:c:\Users\ririn\.vscode\extensions\redhat.java-1.53.0-win32-x64\lombok\lombok-1.18.39-4050.jar -XX:+HeapDumpOnOutOfMemoryError -XX:HeapDumpPath=c:\Users\ririn\AppData\Roaming\Code\User\workspaceStorage\cbeca732ebdb99d6e2dc95832f15d590\redhat.java -Daether.dependencyCollector.impl=bf c:\Users\ririn\.vscode\extensions\redhat.java-1.53.0-win32-x64\server\plugins\org.eclipse.equinox.launcher_1.7.100.v20251111-0406.jar -configuration c:\Users\ririn\AppData\Roaming\Code\User\globalStorage\redhat.java\1.53.0\config_win -data c:\Users\ririn\AppData\Roaming\Code\User\workspaceStorage\cbeca732ebdb99d6e2dc95832f15d590\redhat.java\jdt_ws --pipe=\\.\pipe\lsp-6048257bbd465b44351845ad8220a311-sock

Host: AMD Ryzen 3 3250U with Radeon Graphics         , 4 cores, 3G,  Windows 11 , 64 bit Build 22621 (10.0.22621.5415)
Time: Tue Apr  7 20:50:33 2026 SE Asia Standard Time elapsed time: 16.048503 seconds (0d 0h 0m 16s)

---------------  T H R E A D  ---------------

Current thread (0x000002197d211110):  JavaThread "C2 CompilerThread0" daemon [_thread_in_native, id=18308, stack(0x00000084ea100000,0x00000084ea200000) (1024K)]


Current CompileTask:
C2:16048 2148 %     4       java.util.Properties$LineReader::readLine @ 53 (584 bytes)

Stack: [0x00000084ea100000,0x00000084ea200000]
Native frames: (J=compiled Java code, j=interpreted, Vv=VM code, C=native code)
V  [jvm.dll+0x6d7a39]
V  [jvm.dll+0x8b4b26]
V  [jvm.dll+0x8b70de]
V  [jvm.dll+0x8b77c3]
V  [jvm.dll+0x284346]
V  [jvm.dll+0xc66ed]
V  [jvm.dll+0xc6c31]
V  [jvm.dll+0x3bec3b]
V  [jvm.dll+0x1e3d62]
V  [jvm.dll+0x24c6b3]
V  [jvm.dll+0x24bb40]
V  [jvm.dll+0x1cb34e]
V  [jvm.dll+0x25b85d]
V  [jvm.dll+0x259dea]
V  [jvm.dll+0x3f857e]
V  [jvm.dll+0x85f59d]
V  [jvm.dll+0x6d626d]
C  [ucrtbase.dll+0x29333]
C  [KERNEL32.DLL+0x1259d]
C  [ntdll.dll+0x5af78]


---------------  P R O C E S S  ---------------

Threads class SMR info:
_java_thread_list=0x000002197e3bb210, length=15, elements={
0x000002197581d970, 0x000002197d206c40, 0x000002197d208450, 0x000002197d20a5e0,
0x000002197d20b630, 0x000002197d20c550, 0x000002197d20e1c0, 0x000002197d211110,
0x000002197d282800, 0x000002197dff8710, 0x000002197e047d50, 0x000002197e5984c0,
0x000002197e06d6b0, 0x000002197e4d7dc0, 0x000002197e4d8800
}
_to_delete_list=0x000002197e3badf0, length=14, elements={
0x000002197581d970, 0x000002197d206c40, 0x000002197d208450, 0x000002197d20a5e0,
0x000002197d20b630, 0x000002197d20c550, 0x000002197d20e1c0, 0x000002197d211110,
0x000002197d282800, 0x000002197dff8710, 0x000002197e047d50, 0x000002197e5984c0,
0x000002197e06d6b0, 0x000002197e4d7dc0
}

Java Threads: ( => current thread )
  0x000002197581d970 JavaThread "main"                              [_thread_blocked, id=17944, stack(0x00000084e9700000,0x00000084e9800000) (1024K)]
  0x000002197d206c40 JavaThread "Reference Handler"          daemon [_thread_blocked, id=17656, stack(0x00000084e9b00000,0x00000084e9c00000) (1024K)]
  0x000002197d208450 JavaThread "Finalizer"                  daemon [_thread_blocked, id=17624, stack(0x00000084e9c00000,0x00000084e9d00000) (1024K)]
  0x000002197d20a5e0 JavaThread "Signal Dispatcher"          daemon [_thread_blocked, id=17612, stack(0x00000084e9d00000,0x00000084e9e00000) (1024K)]
  0x000002197d20b630 JavaThread "Attach Listener"            daemon [_thread_blocked, id=18272, stack(0x00000084e9e00000,0x00000084e9f00000) (1024K)]
  0x000002197d20c550 JavaThread "Service Thread"             daemon [_thread_blocked, id=18264, stack(0x00000084e9f00000,0x00000084ea000000) (1024K)]
  0x000002197d20e1c0 JavaThread "Monitor Deflation Thread"   daemon [_thread_blocked, id=18320, stack(0x00000084ea000000,0x00000084ea100000) (1024K)]
=>0x000002197d211110 JavaThread "C2 CompilerThread0"         daemon [_thread_in_native, id=18308, stack(0x00000084ea100000,0x00000084ea200000) (1024K)]
  0x000002197d282800 JavaThread "C1 CompilerThread0"         daemon [_thread_blocked, id=18316, stack(0x00000084ea200000,0x00000084ea300000) (1024K)]
  0x000002197dff8710 JavaThread "Common-Cleaner"             daemon [_thread_blocked, id=18252, stack(0x00000084ea300000,0x00000084ea400000) (1024K)]
  0x000002197e047d50 JavaThread "Notification Thread"        daemon [_thread_blocked, id=17996, stack(0x00000084ea400000,0x00000084ea500000) (1024K)]
  0x000002197e5984c0 JavaThread "Active Thread: Equinox Container: 3043f4d0-b6af-43d8-810b-936865e0f5f8"        [_thread_blocked, id=18196, stack(0x00000084ea800000,0x00000084ea900000) (1024K)]
  0x000002197e06d6b0 JavaThread "Refresh Thread: Equinox Container: 3043f4d0-b6af-43d8-810b-936865e0f5f8" daemon [_thread_blocked, id=8468, stack(0x00000084ea900000,0x00000084eaa00000) (1024K)]
  0x000002197e4d7dc0 JavaThread "Framework Event Dispatcher: Equinox Container: 3043f4d0-b6af-43d8-810b-936865e0f5f8" daemon [_thread_blocked, id=7880, stack(0x00000084eaa00000,0x00000084eab00000) (1024K)]
  0x000002197e4d8800 JavaThread "Start Level: Equinox Container: 3043f4d0-b6af-43d8-810b-936865e0f5f8" daemon [_thread_in_native, id=12776, stack(0x00000084eab00000,0x00000084eac00000) (1024K)]
Total: 15

Other Threads:
  0x00000219758de590 VMThread "VM Thread"                           [id=18372, stack(0x00000084e9a00000,0x00000084e9b00000) (1024K)]
  0x000002197d1aca00 WatcherThread "VM Periodic Task Thread"        [id=17660, stack(0x00000084e9900000,0x00000084e9a00000) (1024K)]
  0x000002197583b9f0 WorkerThread "GC Thread#0"                     [id=17868, stack(0x00000084e9800000,0x00000084e9900000) (1024K)]
  0x000002197e1b4b70 WorkerThread "GC Thread#1"                     [id=3480, stack(0x00000084ea500000,0x00000084ea600000) (1024K)]
  0x000002197e1bf710 WorkerThread "GC Thread#2"                     [id=17700, stack(0x00000084ea600000,0x00000084ea700000) (1024K)]
  0x000002197e4eb6e0 WorkerThread "GC Thread#3"                     [id=2640, stack(0x00000084ea700000,0x00000084ea800000) (1024K)]
Total: 6

Threads with active compile tasks:
C2 CompilerThread0  16103 2148 %     4       java.util.Properties$LineReader::readLine @ 53 (584 bytes)
Total: 1

VM state: not at safepoint (normal execution)

VM Mutex/Monitor currently owned by a thread: None

Heap address: 0x0000000080000000, size: 2048 MB, Compressed Oops mode: 32-bit

CDS archive(s) mapped at: [0x000002190f000000-0x000002190fba0000-0x000002190fba0000), size 12189696, SharedBaseAddress: 0x000002190f000000, ArchiveRelocationMode: 1.
Compressed class space mapped at: 0x0000021910000000-0x0000021950000000, reserved size: 1073741824
Narrow klass base: 0x000002190f000000, Narrow klass shift: 0, Narrow klass range: 0x100000000

GC Precious Log:
 CardTable entry size: 512
 CPUs: 4 total, 4 available
 Memory: 3521M
 Large Page Support: Disabled
 NUMA Support: Disabled
 Compressed Oops: Enabled (32-bit)
 Alignments: Space 512K, Generation 512K, Heap 2M
 Heap Min Capacity: 100M
 Heap Initial Capacity: 100M
 Heap Max Capacity: 2G
 Pre-touch: Disabled
 Parallel Workers: 4

Heap:
 PSYoungGen      total 29696K, used 28028K [0x00000000d5580000, 0x00000000d7680000, 0x0000000100000000)
  eden space 25600K, 93% used [0x00000000d5580000,0x00000000d6ce5950,0x00000000d6e80000)
  from space 4096K, 99% used [0x00000000d7280000,0x00000000d7679800,0x00000000d7680000)
  to   space 4096K, 0% used [0x00000000d6e80000,0x00000000d6e80000,0x00000000d7280000)
 ParOldGen       total 68608K, used 2109K [0x0000000080000000, 0x0000000084300000, 0x00000000d5580000)
  object space 68608K, 3% used [0x0000000080000000,0x000000008020f648,0x0000000084300000)
 Metaspace       used 9447K, committed 9792K, reserved 1114112K
  class space    used 1008K, committed 1152K, reserved 1048576K

Card table byte_map: [0x00000219751c0000,0x00000219755d0000] _byte_map_base: 0x0000021974dc0000

Marking Bits: (ParMarkBitMap*) 0x00007fff05003450
 Begin Bits: [0x0000021978cd0000, 0x000002197acd0000)
 End Bits:   [0x000002197acd0000, 0x000002197ccd0000)

Polling page: 0x0000021973600000

Metaspace:

Usage:
  Non-class:      8.24 MB used.
      Class:   1008.35 KB used.
       Both:      9.23 MB used.

Virtual space:
  Non-class space:       64.00 MB reserved,       8.44 MB ( 13%) committed,  1 nodes.
      Class space:        1.00 GB reserved,       1.12 MB ( <1%) committed,  1 nodes.
             Both:        1.06 GB reserved,       9.56 MB ( <1%) committed. 

Chunk freelists:
   Non-Class:  6.70 MB
       Class:  14.79 MB
        Both:  21.49 MB

MaxMetaspaceSize: unlimited
CompressedClassSpaceSize: 1.00 GB
Initial GC threshold: 21.00 MB
Current GC threshold: 21.00 MB
CDS: on
 - commit_granule_bytes: 65536.
 - commit_granule_words: 8192.
 - virtual_space_node_default_size: 8388608.
 - enlarge_chunks_in_place: 1.
 - use_allocation_guard: 0.


Internal statistics:

num_allocs_failed_limit: 0.
num_arena_births: 256.
num_arena_deaths: 0.
num_vsnodes_births: 2.
num_vsnodes_deaths: 0.
num_space_committed: 153.
num_space_uncommitted: 0.
num_chunks_returned_to_freelist: 0.
num_chunks_taken_from_freelist: 508.
num_chunk_merges: 0.
num_chunk_splits: 323.
num_chunks_enlarged: 209.
num_inconsistent_stats: 0.

CodeHeap 'non-profiled nmethods': size=120000Kb used=969Kb max_used=969Kb free=119030Kb
 bounds [0x0000021907ad0000, 0x0000021907d40000, 0x000002190f000000]
CodeHeap 'profiled nmethods': size=120000Kb used=3965Kb max_used=3965Kb free=116034Kb
 bounds [0x0000021900000000, 0x00000219003e0000, 0x0000021907530000]
CodeHeap 'non-nmethods': size=5760Kb used=1229Kb max_used=1253Kb free=4531Kb
 bounds [0x0000021907530000, 0x00000219077a0000, 0x0000021907ad0000]
CodeCache: size=245760Kb, used=6163Kb, max_used=6187Kb, free=239595Kb
 total_blobs=2638, nmethods=2145, adapters=399, full_count=0
Compilation: enabled, stopped_count=0, restarted_count=0

Compilation events (20 events):
Event: 15.986 Thread 0x000002197d282800 2142       1       java.util.stream.Sink::cancellationRequested (2 bytes)
Event: 15.986 Thread 0x000002197d282800 nmethod 2142 0x0000021907bc1e10 code [0x0000021907bc1fa0, 0x0000021907bc2068]
Event: 15.988 Thread 0x000002197d282800 2143       3       org.eclipse.osgi.internal.container.InternalUtils::asList (2 bytes)
Event: 15.988 Thread 0x000002197d282800 nmethod 2143 0x00000219003db210 code [0x00000219003db3a0, 0x00000219003db490]
Event: 15.994 Thread 0x000002197d282800 2144       3       java.nio.charset.CoderResult::isUnderflow (13 bytes)
Event: 15.995 Thread 0x000002197d282800 nmethod 2144 0x00000219003db510 code [0x00000219003db6a0, 0x00000219003db800]
Event: 15.996 Thread 0x000002197d282800 2145       3       org.eclipse.osgi.framework.util.CaseInsensitiveDictionaryMap$CaseInsensitiveKey::equals (31 bytes)
Event: 15.996 Thread 0x000002197d282800 nmethod 2145 0x00000219003db890 code [0x00000219003dba60, 0x00000219003dbe50]
Event: 16.001 Thread 0x000002197d282800 2146   !   3       java.util.concurrent.ConcurrentHashMap::putVal (432 bytes)
Event: 16.001 Thread 0x000002197d211110 2147       4       java.util.concurrent.ConcurrentHashMap$Node::<init> (20 bytes)
Event: 16.001 Thread 0x000002197d211110 nmethod 2147 0x0000021907bc2110 code [0x0000021907bc22a0, 0x0000021907bc2360]
Event: 16.002 Thread 0x000002197d211110 2148 %     4       java.util.Properties$LineReader::readLine @ 53 (584 bytes)
Event: 16.002 Thread 0x000002197d282800 nmethod 2146 0x00000219003dbf90 code [0x00000219003dc300, 0x00000219003ddbd8]
Event: 16.003 Thread 0x000002197d282800 2149       3       java.util.concurrent.ConcurrentHashMap$EntryIterator::next (5 bytes)
Event: 16.003 Thread 0x000002197d282800 nmethod 2149 0x00000219003de590 code [0x00000219003de740, 0x00000219003de878]
Event: 16.003 Thread 0x000002197d282800 2150       3       java.util.concurrent.ConcurrentHashMap$EntryIterator::next (51 bytes)
Event: 16.004 Thread 0x000002197d282800 nmethod 2150 0x00000219003de910 code [0x00000219003deae0, 0x00000219003deee0]
Event: 16.004 Thread 0x000002197d282800 2151       3       java.util.Spliterator::getExactSizeIfKnown (25 bytes)
Event: 16.004 Thread 0x000002197d282800 nmethod 2151 0x00000219003df090 code [0x00000219003df260, 0x00000219003df550]
Event: 16.044 Thread 0x000002197d282800 2152       1       org.eclipse.osgi.internal.hookregistry.ClassLoaderHook::addClassPathEntry (2 bytes)

GC Heap History (4 events):
Event: 6.717 GC heap before
{Heap before GC invocations=1 (full 0):
 PSYoungGen      total 29696K, used 25600K [0x00000000d5580000, 0x00000000d7680000, 0x0000000100000000)
  eden space 25600K, 100% used [0x00000000d5580000,0x00000000d6e80000,0x00000000d6e80000)
  from space 4096K, 0% used [0x00000000d7280000,0x00000000d7280000,0x00000000d7680000)
  to   space 4096K, 0% used [0x00000000d6e80000,0x00000000d6e80000,0x00000000d7280000)
 ParOldGen       total 68608K, used 0K [0x0000000080000000, 0x0000000084300000, 0x00000000d5580000)
  object space 68608K, 0% used [0x0000000080000000,0x0000000080000000,0x0000000084300000)
 Metaspace       used 4385K, committed 4608K, reserved 1114112K
  class space    used 474K, committed 576K, reserved 1048576K
}
Event: 6.791 GC heap after
{Heap after GC invocations=1 (full 0):
 PSYoungGen      total 29696K, used 3303K [0x00000000d5580000, 0x00000000d7680000, 0x0000000100000000)
  eden space 25600K, 0% used [0x00000000d5580000,0x00000000d5580000,0x00000000d6e80000)
  from space 4096K, 80% used [0x00000000d6e80000,0x00000000d71b9e98,0x00000000d7280000)
  to   space 4096K, 0% used [0x00000000d7280000,0x00000000d7280000,0x00000000d7680000)
 ParOldGen       total 68608K, used 0K [0x0000000080000000, 0x0000000084300000, 0x00000000d5580000)
  object space 68608K, 0% used [0x0000000080000000,0x0000000080000000,0x0000000084300000)
 Metaspace       used 4385K, committed 4608K, reserved 1114112K
  class space    used 474K, committed 576K, reserved 1048576K
}
Event: 11.556 GC heap before
{Heap before GC invocations=2 (full 0):
 PSYoungGen      total 29696K, used 28903K [0x00000000d5580000, 0x00000000d7680000, 0x0000000100000000)
  eden space 25600K, 100% used [0x00000000d5580000,0x00000000d6e80000,0x00000000d6e80000)
  from space 4096K, 80% used [0x00000000d6e80000,0x00000000d71b9e98,0x00000000d7280000)
  to   space 4096K, 0% used [0x00000000d7280000,0x00000000d7280000,0x00000000d7680000)
 ParOldGen       total 68608K, used 0K [0x0000000080000000, 0x0000000084300000, 0x00000000d5580000)
  object space 68608K, 0% used [0x0000000080000000,0x0000000080000000,0x0000000084300000)
 Metaspace       used 8015K, committed 8256K, reserved 1114112K
  class space    used 831K, committed 960K, reserved 1048576K
}
Event: 11.569 GC heap after
{Heap after GC invocations=2 (full 0):
 PSYoungGen      total 29696K, used 4070K [0x00000000d5580000, 0x00000000d7680000, 0x0000000100000000)
  eden space 25600K, 0% used [0x00000000d5580000,0x00000000d5580000,0x00000000d6e80000)
  from space 4096K, 99% used [0x00000000d7280000,0x00000000d7679800,0x00000000d7680000)
  to   space 4096K, 0% used [0x00000000d6e80000,0x00000000d6e80000,0x00000000d7280000)
 ParOldGen       total 68608K, used 2109K [0x0000000080000000, 0x0000000084300000, 0x00000000d5580000)
  object space 68608K, 3% used [0x0000000080000000,0x000000008020f648,0x0000000084300000)
 Metaspace       used 8015K, committed 8256K, reserved 1114112K
  class space    used 831K, committed 960K, reserved 1048576K
}

Dll operation events (9 events):
Event: 0.031 Loaded shared library c:\Users\ririn\.vscode\extensions\redhat.java-1.53.0-win32-x64\jre\21.0.10-win32-x86_64\bin\java.dll
Event: 0.909 Loaded shared library c:\Users\ririn\.vscode\extensions\redhat.java-1.53.0-win32-x64\jre\21.0.10-win32-x86_64\bin\zip.dll
Event: 1.297 Loaded shared library C:\Users\ririn\.vscode\extensions\redhat.java-1.53.0-win32-x64\jre\21.0.10-win32-x86_64\bin\instrument.dll
Event: 1.315 Loaded shared library C:\Users\ririn\.vscode\extensions\redhat.java-1.53.0-win32-x64\jre\21.0.10-win32-x86_64\bin\net.dll
Event: 1.333 Loaded shared library C:\Users\ririn\.vscode\extensions\redhat.java-1.53.0-win32-x64\jre\21.0.10-win32-x86_64\bin\nio.dll
Event: 1.361 Loaded shared library C:\Users\ririn\.vscode\extensions\redhat.java-1.53.0-win32-x64\jre\21.0.10-win32-x86_64\bin\zip.dll
Event: 1.528 Loaded shared library C:\Users\ririn\.vscode\extensions\redhat.java-1.53.0-win32-x64\jre\21.0.10-win32-x86_64\bin\jimage.dll
Event: 2.785 Loaded shared library c:\Users\ririn\.vscode\extensions\redhat.java-1.53.0-win32-x64\jre\21.0.10-win32-x86_64\bin\verify.dll
Event: 12.050 Loaded shared library C:\Users\ririn\AppData\Roaming\Code\User\globalStorage\redhat.java\1.53.0\config_win\org.eclipse.equinox.launcher\org.eclipse.equinox.launcher.win32.win32.x86_64_1.3.0.v20260203-2149\eclipse_11919.dll

Deoptimization events (20 events):
Event: 14.535 Thread 0x000002197e4d8800 DEOPT PACKING pc=0x0000021907b7f320 sp=0x00000084eabfe220
Event: 14.536 Thread 0x000002197e4d8800 DEOPT UNPACKING pc=0x0000021907583aa2 sp=0x00000084eabfe190 mode 2
Event: 15.292 Thread 0x000002197e4d8800 DEOPT PACKING pc=0x00000219003b26f5 sp=0x00000084eabfdc20
Event: 15.292 Thread 0x000002197e4d8800 DEOPT UNPACKING pc=0x0000021907584242 sp=0x00000084eabfd100 mode 0
Event: 15.319 Thread 0x000002197e4d8800 Uncommon trap: trap_request=0xffffffde fr.pc=0x0000021907bb9c14 relative=0x0000000000000574
Event: 15.319 Thread 0x000002197e4d8800 Uncommon trap: reason=class_check action=maybe_recompile pc=0x0000021907bb9c14 method=java.util.Collections$UnmodifiableCollection$1.<init>(Ljava/util/Collections$UnmodifiableCollection;)V @ 17 c2
Event: 15.319 Thread 0x000002197e4d8800 DEOPT PACKING pc=0x0000021907bb9c14 sp=0x00000084eabfdaa0
Event: 15.319 Thread 0x000002197e4d8800 DEOPT UNPACKING pc=0x0000021907583aa2 sp=0x00000084eabfd9e8 mode 2
Event: 15.319 Thread 0x000002197e4d8800 Uncommon trap: trap_request=0xffffffde fr.pc=0x0000021907bb9c14 relative=0x0000000000000574
Event: 15.319 Thread 0x000002197e4d8800 Uncommon trap: reason=class_check action=maybe_recompile pc=0x0000021907bb9c14 method=java.util.Collections$UnmodifiableCollection$1.<init>(Ljava/util/Collections$UnmodifiableCollection;)V @ 17 c2
Event: 15.319 Thread 0x000002197e4d8800 DEOPT PACKING pc=0x0000021907bb9c14 sp=0x00000084eabfdc60
Event: 15.319 Thread 0x000002197e4d8800 DEOPT UNPACKING pc=0x0000021907583aa2 sp=0x00000084eabfdba8 mode 2
Event: 15.322 Thread 0x000002197e4d8800 Uncommon trap: trap_request=0xffffffde fr.pc=0x0000021907bb9c14 relative=0x0000000000000574
Event: 15.322 Thread 0x000002197e4d8800 Uncommon trap: reason=class_check action=maybe_recompile pc=0x0000021907bb9c14 method=java.util.Collections$UnmodifiableCollection$1.<init>(Ljava/util/Collections$UnmodifiableCollection;)V @ 17 c2
Event: 15.322 Thread 0x000002197e4d8800 DEOPT PACKING pc=0x0000021907bb9c14 sp=0x00000084eabfda00
Event: 15.323 Thread 0x000002197e4d8800 DEOPT UNPACKING pc=0x0000021907583aa2 sp=0x00000084eabfd948 mode 2
Event: 15.327 Thread 0x000002197e4d8800 Uncommon trap: trap_request=0xffffffde fr.pc=0x0000021907bb9c14 relative=0x0000000000000574
Event: 15.328 Thread 0x000002197e4d8800 Uncommon trap: reason=class_check action=maybe_recompile pc=0x0000021907bb9c14 method=java.util.Collections$UnmodifiableCollection$1.<init>(Ljava/util/Collections$UnmodifiableCollection;)V @ 17 c2
Event: 15.328 Thread 0x000002197e4d8800 DEOPT PACKING pc=0x0000021907bb9c14 sp=0x00000084eabfdba0
Event: 15.328 Thread 0x000002197e4d8800 DEOPT UNPACKING pc=0x0000021907583aa2 sp=0x00000084eabfdae8 mode 2

Classes loaded (20 events):
Event: 14.335 Loading class sun/util/logging/resources/logging_en_ID
Event: 14.335 Loading class sun/util/logging/resources/logging_en_ID done
Event: 14.340 Loading class java/util/Formatter$DateTime
Event: 14.340 Loading class java/util/Formatter$DateTime done
Event: 14.340 Loading class java/util/Formatter$FixedString
Event: 14.340 Loading class java/util/Formatter$FixedString done
Event: 14.341 Loading class java/time/ZonedDateTime$1
Event: 14.341 Loading class java/time/ZonedDateTime$1 done
Event: 14.367 Loading class jdk/internal/module/ModulePatcher$PatchedModuleReader
Event: 14.367 Loading class jdk/internal/module/ModulePatcher$PatchedModuleReader done
Event: 14.415 Loading class sun/util/locale/provider/BaseLocaleDataMetaInfo
Event: 14.416 Loading class sun/util/locale/provider/BaseLocaleDataMetaInfo done
Event: 14.452 Loading class sun/util/resources/LocaleData$CommonResourceBundleProvider
Event: 14.452 Loading class sun/util/resources/LocaleData$LocaleDataResourceBundleProvider
Event: 14.453 Loading class java/util/spi/ResourceBundleProvider
Event: 14.453 Loading class java/util/spi/ResourceBundleProvider done
Event: 14.453 Loading class sun/util/resources/LocaleData$LocaleDataResourceBundleProvider done
Event: 14.453 Loading class sun/util/resources/LocaleData$CommonResourceBundleProvider done
Event: 14.454 Loading class sun/text/resources/cldr/FormatData_en
Event: 14.455 Loading class sun/text/resources/cldr/FormatData_en done

Classes unloaded (0 events):
No events

Classes redefined (0 events):
No events

Internal exceptions (20 events):
Event: 7.199 Thread 0x000002197581d970 Implicit null exception at 0x0000021907b2fd49 to 0x0000021907b306b8
Event: 7.200 Thread 0x000002197581d970 Implicit null exception at 0x0000021907b39b1a to 0x0000021907b39d28
Event: 7.201 Thread 0x000002197581d970 Exception <a 'java/lang/NoSuchMethodError'{0x00000000d56da4c0}: 'void java.lang.invoke.DirectMethodHandle$Holder.invokeStatic(java.lang.Object, java.lang.Object, java.lang.Object, java.lang.Object)'> (0x00000000d56da4c0) 
thrown [s\src\hotspot\share\interpreter\linkResolver.cpp, line 773]
Event: 7.210 Thread 0x000002197581d970 Implicit null exception at 0x0000021907b3351a to 0x0000021907b33718
Event: 7.211 Thread 0x000002197581d970 Implicit null exception at 0x0000021907b3313d to 0x0000021907b331c1
Event: 7.799 Thread 0x000002197581d970 Exception <a 'java/lang/NoSuchMethodError'{0x00000000d59c7f00}: 'void java.lang.invoke.DirectMethodHandle$Holder.invokeSpecial(java.lang.Object, java.lang.Object, java.lang.Object)'> (0x00000000d59c7f00) 
thrown [s\src\hotspot\share\interpreter\linkResolver.cpp, line 773]
Event: 9.067 Thread 0x000002197581d970 Exception <a 'java/lang/NoSuchMethodError'{0x00000000d644f770}: 'int java.lang.invoke.DirectMethodHandle$Holder.invokeVirtual(java.lang.Object, java.lang.Object)'> (0x00000000d644f770) 
thrown [s\src\hotspot\share\interpreter\linkResolver.cpp, line 773]
Event: 9.455 Thread 0x000002197581d970 Exception <a 'java/lang/NoSuchMethodError'{0x00000000d65c6980}: 'int java.lang.invoke.DirectMethodHandle$Holder.invokeStaticInit(java.lang.Object, java.lang.Object, java.lang.Object, java.lang.Object)'> (0x00000000d65c6980) 
thrown [s\src\hotspot\share\interpreter\linkResolver.cpp, line 773]
Event: 9.458 Thread 0x000002197581d970 Exception <a 'java/lang/IncompatibleClassChangeError'{0x00000000d65ced88}: Found class java.lang.Object, but interface was expected> (0x00000000d65ced88) 
thrown [s\src\hotspot\share\interpreter\linkResolver.cpp, line 840]
Event: 9.460 Thread 0x000002197581d970 Exception <a 'java/lang/NoSuchMethodError'{0x00000000d65d5358}: 'void java.lang.invoke.DirectMethodHandle$Holder.invokeStaticInit(java.lang.Object, java.lang.Object)'> (0x00000000d65d5358) 
thrown [s\src\hotspot\share\interpreter\linkResolver.cpp, line 773]
Event: 9.461 Thread 0x000002197581d970 Exception <a 'java/lang/NoSuchMethodError'{0x00000000d65de570}: 'int java.lang.invoke.DirectMethodHandle$Holder.invokeStaticInit(java.lang.Object, java.lang.Object)'> (0x00000000d65de570) 
thrown [s\src\hotspot\share\interpreter\linkResolver.cpp, line 773]
Event: 9.717 Thread 0x000002197581d970 Exception <a 'java/lang/NoSuchMethodError'{0x00000000d6829580}: 'java.lang.Object java.lang.invoke.DirectMethodHandle$Holder.newInvokeSpecial(java.lang.Object, int, java.lang.Object)'> (0x00000000d6829580) 
thrown [s\src\hotspot\share\interpreter\linkResolver.cpp, line 773]
Event: 10.107 Thread 0x000002197581d970 Exception <a 'java/lang/ClassNotFoundException'{0x00000000d6a43c58}: sun/net/www/protocol/plurl/Handler> (0x00000000d6a43c58) 
thrown [s\src\hotspot\share\classfile\systemDictionary.cpp, line 312]
Event: 10.108 Thread 0x000002197581d970 Exception <a 'java/lang/ClassNotFoundException'{0x00000000d6a44ad8}: sun/net/www/protocol/plurl/Handler> (0x00000000d6a44ad8) 
thrown [s\src\hotspot\share\classfile\systemDictionary.cpp, line 312]
Event: 11.891 Thread 0x000002197581d970 Exception <a 'java/lang/UnsatisfiedLinkError'{0x00000000d55e18a8}: 'void org.eclipse.equinox.launcher.JNIBridge._update_splash()'> (0x00000000d55e18a8) 
thrown [s\src\hotspot\share\prims\nativeLookup.cpp, line 415]
Event: 12.731 Thread 0x000002197e06d6b0 Exception <a 'java/lang/NoSuchMethodError'{0x00000000d586b2e0}: 'void java.lang.invoke.DirectMethodHandle$Holder.invokeInterface(java.lang.Object, java.lang.Object, java.lang.Object)'> (0x00000000d586b2e0) 
thrown [s\src\hotspot\share\interpreter\linkResolver.cpp, line 773]
Event: 13.974 Thread 0x000002197e4d8800 Exception <a 'java/lang/NoSuchMethodError'{0x00000000d5c53618}: 'java.lang.Object java.lang.invoke.DirectMethodHandle$Holder.newInvokeSpecial(java.lang.Object, java.lang.Object, int, java.lang.Object)'> (0x00000000d5c53618) 
thrown [s\src\hotspot\share\interpreter\linkResolver.cpp, line 773]
Event: 13.975 Thread 0x000002197e4d8800 Exception <a 'java/lang/NoSuchMethodError'{0x00000000d5c57448}: 'java.lang.Object java.lang.invoke.DirectMethodHandle$Holder.invokeSpecial(java.lang.Object, java.lang.Object, java.lang.Object, int, java.lang.Object)'> (0x00000000d5c57448) 
thrown [s\src\hotspot\share\interpreter\linkResolver.cpp, line 773]
Event: 14.203 Thread 0x000002197e4d8800 Exception <a 'java/lang/NoClassDefFoundError'{0x00000000d5cfe3c8}: jakarta/servlet/ServletContainerInitializer> (0x00000000d5cfe3c8) 
thrown [s\src\hotspot\share\classfile\systemDictionary.cpp, line 301]
Event: 14.302 Thread 0x000002197e4d8800 Exception <a 'java/lang/ClassNotFoundException'{0x00000000d5e635a0}: sun/util/logging/resources/spi/loggingProvider> (0x00000000d5e635a0) 
thrown [s\src\hotspot\share\classfile\systemDictionary.cpp, line 312]

ZGC Phase Switch (0 events):
No events

VM Operations (20 events):
Event: 10.097 Executing non-safepoint VM operation: HandshakeAllThreads (Deoptimize)
Event: 10.097 Executing non-safepoint VM operation: HandshakeAllThreads (Deoptimize) done
Event: 11.103 Executing safepoint VM operation: Cleanup
Event: 11.104 Executing safepoint VM operation: Cleanup done
Event: 11.556 Executing safepoint VM operation: ParallelGCFailedAllocation (Allocation Failure)
Event: 11.569 Executing safepoint VM operation: ParallelGCFailedAllocation (Allocation Failure) done
Event: 12.594 Executing safepoint VM operation: Cleanup
Event: 12.710 Executing safepoint VM operation: Cleanup done
Event: 13.715 Executing safepoint VM operation: Cleanup
Event: 13.796 Executing safepoint VM operation: Cleanup done
Event: 14.261 Executing non-safepoint VM operation: HandshakeAllThreads (Deoptimize)
Event: 14.261 Executing non-safepoint VM operation: HandshakeAllThreads (Deoptimize) done
Event: 14.368 Executing non-safepoint VM operation: HandshakeAllThreads (Deoptimize)
Event: 14.368 Executing non-safepoint VM operation: HandshakeAllThreads (Deoptimize) done
Event: 14.465 Executing non-safepoint VM operation: HandshakeAllThreads (Deoptimize)
Event: 14.465 Executing non-safepoint VM operation: HandshakeAllThreads (Deoptimize) done
Event: 14.523 Executing non-safepoint VM operation: HandshakeAllThreads (Deoptimize)
Event: 14.523 Executing non-safepoint VM operation: HandshakeAllThreads (Deoptimize) done
Event: 15.534 Executing safepoint VM operation: Cleanup
Event: 15.535 Executing safepoint VM operation: Cleanup done

Memory protections (0 events):
No events

Nmethod flushes (0 events):
No events

Events (15 events):
Event: 0.223 Thread 0x000002197581d970 Thread added: 0x000002197581d970
Event: 0.303 Thread 0x000002197581d970 Thread added: 0x000002197d206c40
Event: 0.304 Thread 0x000002197581d970 Thread added: 0x000002197d208450
Event: 0.305 Thread 0x000002197581d970 Thread added: 0x000002197d20a5e0
Event: 0.305 Thread 0x000002197581d970 Thread added: 0x000002197d20b630
Event: 0.305 Thread 0x000002197581d970 Thread added: 0x000002197d20c550
Event: 0.305 Thread 0x000002197581d970 Thread added: 0x000002197d20e1c0
Event: 0.306 Thread 0x000002197581d970 Thread added: 0x000002197d211110
Event: 0.366 Thread 0x000002197581d970 Thread added: 0x000002197d282800
Event: 1.300 Thread 0x000002197581d970 Thread added: 0x000002197dff8710
Event: 3.655 Thread 0x000002197581d970 Thread added: 0x000002197e047d50
Event: 9.526 Thread 0x000002197581d970 Thread added: 0x000002197e5984c0
Event: 11.713 Thread 0x000002197581d970 Thread added: 0x000002197e06d6b0
Event: 12.738 Thread 0x000002197e06d6b0 Thread added: 0x000002197e4d7dc0
Event: 12.882 Thread 0x000002197581d970 Thread added: 0x000002197e4d8800


Dynamic libraries:
0x00007ff750a50000 - 0x00007ff750a5e000 	c:\Users\ririn\.vscode\extensions\redhat.java-1.53.0-win32-x64\jre\21.0.10-win32-x86_64\bin\java.exe
0x00007fff60fb0000 - 0x00007fff611c8000 	C:\WINDOWS\SYSTEM32\ntdll.dll
0x00007fff5f6c0000 - 0x00007fff5f784000 	C:\WINDOWS\System32\KERNEL32.DLL
0x00007fff5e1e0000 - 0x00007fff5e5b3000 	C:\WINDOWS\System32\KERNELBASE.dll
0x00007fff5eb30000 - 0x00007fff5ec41000 	C:\WINDOWS\System32\ucrtbase.dll
0x00007fff44ea0000 - 0x00007fff44eb8000 	c:\Users\ririn\.vscode\extensions\redhat.java-1.53.0-win32-x64\jre\21.0.10-win32-x86_64\bin\jli.dll
0x00007fff5f070000 - 0x00007fff5f222000 	C:\WINDOWS\System32\USER32.dll
0x00007fff5e690000 - 0x00007fff5e6b6000 	C:\WINDOWS\System32\win32u.dll
0x00007fff5f800000 - 0x00007fff5f829000 	C:\WINDOWS\System32\GDI32.dll
0x00007fff5e0c0000 - 0x00007fff5e1db000 	C:\WINDOWS\System32\gdi32full.dll
0x00007fff5e5c0000 - 0x00007fff5e65a000 	C:\WINDOWS\System32\msvcp_win.dll
0x00007fff42980000 - 0x00007fff4299e000 	c:\Users\ririn\.vscode\extensions\redhat.java-1.53.0-win32-x64\jre\21.0.10-win32-x86_64\bin\VCRUNTIME140.dll
0x00007fff4ed70000 - 0x00007fff4f00c000 	C:\WINDOWS\WinSxS\amd64_microsoft.windows.common-controls_6595b64144ccf1df_6.0.22621.6060_none_2712eda17382d24b\COMCTL32.dll
0x00007fff5ec50000 - 0x00007fff5ecf7000 	C:\WINDOWS\System32\msvcrt.dll
0x00007fff5f230000 - 0x00007fff5f261000 	C:\WINDOWS\System32\IMM32.DLL
0x00007fff5ab60000 - 0x00007fff5ab6c000 	c:\Users\ririn\.vscode\extensions\redhat.java-1.53.0-win32-x64\jre\21.0.10-win32-x86_64\bin\vcruntime140_1.dll
0x00007fff2bea0000 - 0x00007fff2bf2d000 	c:\Users\ririn\.vscode\extensions\redhat.java-1.53.0-win32-x64\jre\21.0.10-win32-x86_64\bin\msvcp140.dll
0x00007fff04340000 - 0x00007fff050e1000 	c:\Users\ririn\.vscode\extensions\redhat.java-1.53.0-win32-x64\jre\21.0.10-win32-x86_64\bin\server\jvm.dll
0x00007fff5fe80000 - 0x00007fff5ff31000 	C:\WINDOWS\System32\ADVAPI32.dll
0x00007fff604c0000 - 0x00007fff60568000 	C:\WINDOWS\System32\sechost.dll
0x00007fff5e660000 - 0x00007fff5e688000 	C:\WINDOWS\System32\bcrypt.dll
0x00007fff5f330000 - 0x00007fff5f448000 	C:\WINDOWS\System32\RPCRT4.dll
0x00007fff5f2a0000 - 0x00007fff5f311000 	C:\WINDOWS\System32\WS2_32.dll
0x00007fff5df90000 - 0x00007fff5dfdd000 	C:\WINDOWS\SYSTEM32\POWRPROF.dll
0x00007fff5a480000 - 0x00007fff5a4b4000 	C:\WINDOWS\SYSTEM32\WINMM.dll
0x00007fff56c20000 - 0x00007fff56c2a000 	C:\WINDOWS\SYSTEM32\VERSION.dll
0x00007fff5df70000 - 0x00007fff5df83000 	C:\WINDOWS\SYSTEM32\UMPDC.dll
0x00007fff5d070000 - 0x00007fff5d088000 	C:\WINDOWS\SYSTEM32\kernel.appcore.dll
0x00007fff540c0000 - 0x00007fff540ca000 	c:\Users\ririn\.vscode\extensions\redhat.java-1.53.0-win32-x64\jre\21.0.10-win32-x86_64\bin\jimage.dll
0x00007fff58990000 - 0x00007fff58bc3000 	C:\WINDOWS\SYSTEM32\DBGHELP.DLL
0x00007fff5ff40000 - 0x00007fff602d1000 	C:\WINDOWS\System32\combase.dll
0x00007fff5fd40000 - 0x00007fff5fe18000 	C:\WINDOWS\System32\OLEAUT32.dll
0x00007fff448b0000 - 0x00007fff448e2000 	C:\WINDOWS\SYSTEM32\dbgcore.DLL
0x00007fff5e6c0000 - 0x00007fff5e73b000 	C:\WINDOWS\System32\bcryptPrimitives.dll
0x00007fff53f70000 - 0x00007fff53f7f000 	c:\Users\ririn\.vscode\extensions\redhat.java-1.53.0-win32-x64\jre\21.0.10-win32-x86_64\bin\instrument.dll
0x00007fff42200000 - 0x00007fff42220000 	c:\Users\ririn\.vscode\extensions\redhat.java-1.53.0-win32-x64\jre\21.0.10-win32-x86_64\bin\java.dll
0x00007fff60570000 - 0x00007fff60e0c000 	C:\WINDOWS\System32\SHELL32.dll
0x00007fff5e7c0000 - 0x00007fff5e8ff000 	C:\WINDOWS\System32\wintypes.dll
0x00007fff5bf70000 - 0x00007fff5c88a000 	C:\WINDOWS\SYSTEM32\windows.storage.dll
0x00007fff5ef60000 - 0x00007fff5f064000 	C:\WINDOWS\System32\SHCORE.dll
0x00007fff5f4a0000 - 0x00007fff5f509000 	C:\WINDOWS\System32\shlwapi.dll
0x00007fff5dff0000 - 0x00007fff5e015000 	C:\WINDOWS\SYSTEM32\profapi.dll
0x00007fff40a40000 - 0x00007fff40a58000 	c:\Users\ririn\.vscode\extensions\redhat.java-1.53.0-win32-x64\jre\21.0.10-win32-x86_64\bin\zip.dll
0x00007fff50480000 - 0x00007fff50490000 	C:\Users\ririn\.vscode\extensions\redhat.java-1.53.0-win32-x64\jre\21.0.10-win32-x86_64\bin\net.dll
0x00007fff573f0000 - 0x00007fff5751c000 	C:\WINDOWS\SYSTEM32\WINHTTP.dll
0x00007fff5d560000 - 0x00007fff5d5c9000 	C:\WINDOWS\system32\mswsock.dll
0x00007fff40920000 - 0x00007fff40936000 	C:\Users\ririn\.vscode\extensions\redhat.java-1.53.0-win32-x64\jre\21.0.10-win32-x86_64\bin\nio.dll
0x00007fff4eb90000 - 0x00007fff4eba0000 	c:\Users\ririn\.vscode\extensions\redhat.java-1.53.0-win32-x64\jre\21.0.10-win32-x86_64\bin\verify.dll
0x00007fff30390000 - 0x00007fff303d5000 	C:\Users\ririn\AppData\Roaming\Code\User\globalStorage\redhat.java\1.53.0\config_win\org.eclipse.equinox.launcher\org.eclipse.equinox.launcher.win32.win32.x86_64_1.3.0.v20260203-2149\eclipse_11919.dll
0x00007fff5f510000 - 0x00007fff5f6b1000 	C:\WINDOWS\System32\ole32.dll

JVMTI agents:
c:\Users\ririn\.vscode\extensions\redhat.java-1.53.0-win32-x64\lombok\lombok-1.18.39-4050.jar path:c:\Users\ririn\.vscode\extensions\redhat.java-1.53.0-win32-x64\jre\21.0.10-win32-x86_64\bin\instrument.dll, loaded, initialized, instrumentlib options:none

dbghelp: loaded successfully - version: 4.0.5 - missing functions: none
symbol engine: initialized successfully - sym options: 0x614 - pdb path: .;c:\Users\ririn\.vscode\extensions\redhat.java-1.53.0-win32-x64\jre\21.0.10-win32-x86_64\bin;C:\WINDOWS\SYSTEM32;C:\WINDOWS\WinSxS\amd64_microsoft.windows.common-controls_6595b64144ccf1df_6.0.22621.6060_none_2712eda17382d24b;c:\Users\ririn\.vscode\extensions\redhat.java-1.53.0-win32-x64\jre\21.0.10-win32-x86_64\bin\server;C:\Users\ririn\AppData\Roaming\Code\User\globalStorage\redhat.java\1.53.0\config_win\org.eclipse.equinox.launcher\org.eclipse.equinox.launcher.win32.win32.x86_64_1.3.0.v20260203-2149

VM Arguments:
jvm_args: --add-modules=ALL-SYSTEM --add-opens=java.base/java.util=ALL-UNNAMED --add-opens=java.base/java.lang=ALL-UNNAMED --add-opens=java.base/sun.nio.fs=ALL-UNNAMED -Declipse.application=org.eclipse.jdt.ls.core.id1 -Dosgi.bundles.defaultStartLevel=4 -Declipse.product=org.eclipse.jdt.ls.core.product -Djava.import.generatesMetadataFilesAtProjectRoot=false -DDetectVMInstallationsJob.disabled=true -Dfile.encoding=utf8 -XX:+UseParallelGC -XX:GCTimeRatio=4 -XX:AdaptiveSizePolicyWeight=90 -Dsun.zip.disableMemoryMapping=true -Xmx2G -Xms100m -Xlog:disable -javaagent:c:\Users\ririn\.vscode\extensions\redhat.java-1.53.0-win32-x64\lombok\lombok-1.18.39-4050.jar -XX:+HeapDumpOnOutOfMemoryError -XX:HeapDumpPath=c:\Users\ririn\AppData\Roaming\Code\User\workspaceStorage\cbeca732ebdb99d6e2dc95832f15d590\redhat.java -Daether.dependencyCollector.impl=bf 
java_command: c:\Users\ririn\.vscode\extensions\redhat.java-1.53.0-win32-x64\server\plugins\org.eclipse.equinox.launcher_1.7.100.v20251111-0406.jar -configuration c:\Users\ririn\AppData\Roaming\Code\User\globalStorage\redhat.java\1.53.0\config_win -data c:\Users\ririn\AppData\Roaming\Code\User\workspaceStorage\cbeca732ebdb99d6e2dc95832f15d590\redhat.java\jdt_ws --pipe=\\.\pipe\lsp-6048257bbd465b44351845ad8220a311-sock
java_class_path (initial): c:\Users\ririn\.vscode\extensions\redhat.java-1.53.0-win32-x64\server\plugins\org.eclipse.equinox.launcher_1.7.100.v20251111-0406.jar
Launcher Type: SUN_STANDARD

[Global flags]
    uintx AdaptiveSizePolicyWeight                 = 90                                        {product} {command line}
     intx CICompilerCount                          = 3                                         {product} {ergonomic}
    uintx GCTimeRatio                              = 4                                         {product} {command line}
     bool HeapDumpOnOutOfMemoryError               = true                                   {manageable} {command line}
    ccstr HeapDumpPath                             = c:\Users\ririn\AppData\Roaming\Code\User\workspaceStorage\cbeca732ebdb99d6e2dc95832f15d590\redhat.java         {manageable} {command line}
   size_t InitialHeapSize                          = 104857600                                 {product} {command line}
   size_t MaxHeapSize                              = 2147483648                                {product} {command line}
   size_t MaxNewSize                               = 715653120                                 {product} {ergonomic}
   size_t MinHeapDeltaBytes                        = 524288                                    {product} {ergonomic}
   size_t MinHeapSize                              = 104857600                                 {product} {command line}
   size_t NewSize                                  = 34603008                                  {product} {ergonomic}
    uintx NonNMethodCodeHeapSize                   = 5832780                                {pd product} {ergonomic}
    uintx NonProfiledCodeHeapSize                  = 122912730                              {pd product} {ergonomic}
   size_t OldSize                                  = 70254592                                  {product} {ergonomic}
    uintx ProfiledCodeHeapSize                     = 122912730                              {pd product} {ergonomic}
    uintx ReservedCodeCacheSize                    = 251658240                              {pd product} {ergonomic}
     bool SegmentedCodeCache                       = true                                      {product} {ergonomic}
   size_t SoftMaxHeapSize                          = 2147483648                             {manageable} {ergonomic}
     bool UseCompressedOops                        = true                           {product lp64_product} {ergonomic}
     bool UseLargePagesIndividualAllocation        = false                                  {pd product} {ergonomic}
     bool UseParallelGC                            = true                                      {product} {command line}

Logging:
Log output configuration:
 #0: stdout all=off uptime,level,tags foldmultilines=false
 #1: stderr all=off uptime,level,tags foldmultilines=false

Release file:
JAVA_VERSION="21.0.10" 
MODULES="java.base java.compiler java.datatransfer java.xml java.prefs java.desktop java.instrument java.logging java.management java.security.sasl java.naming java.rmi java.management.rmi java.net.http java.scripting java.security.jgss java.transaction.xa java.sql java.sql.rowset java.xml.crypto java.se java.smartcardio jdk.accessibility jdk.internal.jvmstat jdk.attach jdk.charsets jdk.internal.opt jdk.zipfs jdk.compiler jdk.crypto.ec jdk.crypto.cryptoki jdk.crypto.mscapi jdk.dynalink jdk.internal.ed jdk.editpad jdk.hotspot.agent jdk.httpserver jdk.internal.le jdk.internal.vm.ci jdk.internal.vm.compiler jdk.internal.vm.compiler.management jdk.jartool jdk.javadoc jdk.jcmd jdk.management jdk.management.agent jdk.jconsole jdk.jdeps jdk.jdwp.agent jdk.jdi jdk.jfr jdk.jshell jdk.jsobject jdk.jstatd jdk.localedata jdk.management.jfr jdk.naming.dns jdk.naming.rmi jdk.net jdk.nio.mapmode jdk.random jdk.sctp jdk.security.auth jdk.security.jgss jdk.unsupported jdk.unsupported.desktop jdk.xml.dom" 

Environment Variables:
JAVA_HOME=C:\Program Files\Java\jdk-17
PATH=D:\KULIAH\Microsoft VS Code;C:\Program Files\Common Files\Oracle\Java\javapath;C:\Program Files (x86)\Common Files\Intel\Shared Files\cpp\bin\Intel64;C:\WINDOWS\system32;C:\WINDOWS;C:\WINDOWS\System32\Wbem;C:\WINDOWS\System32\WindowsPowerShell\v1.0\;C:\WINDOWS\System32\OpenSSH\;C:\xampp\php;C:\ProgramData\ComposerSetup\bin;C:\Program Files\Java\jdk-17\bin;C:\Program Files\Cloudflare\Cloudflare WARP\;C:\Users\ririn\AppData\Local\Microsoft\WindowsApps;D:\KULIAH\ALPRO\CodeBlocks\MinGW\bin;C:\MinGW\bin;D:\flutter\bin;C:\Program Files\Java\jdk-17.0.1\bin;C:\Users\ririn\AppData\Roaming\Composer\vendor\bin;D:\KULIAH\Microsoft VS Code\bin
USERNAME=ririn
OS=Windows_NT
PROCESSOR_IDENTIFIER=AMD64 Family 23 Model 24 Stepping 1, AuthenticAMD
TMP=C:\Users\ririn\AppData\Local\Temp
TEMP=C:\Users\ririn\AppData\Local\Temp




Periodic native trim disabled

---------------  S Y S T E M  ---------------

OS:
 Windows 11 , 64 bit Build 22621 (10.0.22621.5415)
OS uptime: 5 days 9:34 hours
Hyper-V role detected

CPU: total 4 (initial active 4) (4 cores per cpu, 2 threads per core) family 23 model 24 stepping 1 microcode 0x0, cx8, cmov, fxsr, ht, mmx, 3dnowpref, sse, sse2, sse3, ssse3, sse4a, sse4.1, sse4.2, popcnt, lzcnt, tsc, tscinvbit, avx, avx2, aes, clmul, bmi1, bmi2, adx, sha, fma, vzeroupper, clflush, clflushopt, hv, rdtscp, f16c
Processor Information for the first 4 processors :
  Max Mhz: 2600, Current Mhz: 2600, Mhz Limit: 2600

Memory: 4k page, system-wide physical 3521M (211M free)
TotalPageFile size 14273M (AvailPageFile size 1M)
current process WorkingSet (physical memory assigned to process): 98M, peak: 99M
current process commit charge ("private bytes"): 232M, peak: 232M

vm_info: OpenJDK 64-Bit Server VM (21.0.10+7-LTS) for windows-amd64 JRE (21.0.10+7-LTS), built on 2026-01-20T00:00:00Z by "admin" with MS VC++ 17.12 (VS2022)

END.
